counts[] = add, 73677
counts[] = write, 62830
counts[] = get, 53932
counts[] = equals, 47608
counts[] = append, 43266
counts[] = println, 34827
counts[] = getName, 34806
counts[] = put, 33950
counts[] = toString, 26236
counts[] = size, 26091
counts[] = getString, 18830
counts[] = next, 18022
counts[] = hasNext, 17577
counts[] = debug, 16886
counts[] = getMessage, 16486
counts[] = length, 15747
counts[] = getProperty, 15201
counts[] = iterator, 14758
counts[] = printStackTrace, 14695
counts[] = getInstance, 13828
counts[] = setText, 13056
counts[] = close, 12782
counts[] = assertEquals, 10364
counts[] = substring, 10296
counts[] = remove, 10019
counts[] = error, 9871
counts[] = log, 9689
counts[] = print, 8980
counts[] = getClass, 8596
counts[] = getKnowledgeMap, 7939
counts[] = getValue, 7683
counts[] = assertTrue, 7580
counts[] = getType, 7457
counts[] = getMaprefUri, 6908
counts[] = reuse, 6888
counts[] = getText, 6767
counts[] = addElement, 6637
counts[] = setAttribute, 6463
counts[] = equalsIgnoreCase, 6417
counts[] = contains, 6401
counts[] = setEnabled, 6323
counts[] = indexOf, 6280
counts[] = valueOf, 6028
counts[] = setValue, 5971
counts[] = getURI, 5727
counts[] = setProperty, 5689
counts[] = info, 5521
counts[] = getAttribute, 5487
counts[] = getResource, 5465
counts[] = addActionListener, 5253
counts[] = getParameter, 5172
counts[] = set, 5116
counts[] = getProject, 5078
counts[] = setName, 5038
counts[] = setFieldDesc, 5030
counts[] = setParent, 4923
counts[] = trim, 4856
counts[] = startsWith, 4838
counts[] = getId, 4815
counts[] = find, 4681
counts[] = setString, 4545
counts[] = doEndTag, 4508
counts[] = doStartTag, 4508
counts[] = setPageContext, 4500
counts[] = clear, 4302
counts[] = setLayout, 4284
counts[] = execute, 4279
counts[] = charAt, 4270
counts[] = warn, 4240
counts[] = getLogger, 4188
counts[] = keySet, 4116
counts[] = read, 4104
counts[] = currentTimeMillis, 4087
counts[] = containsKey, 4086
counts[] = exists, 3985
counts[] = setVisible, 3914
counts[] = getLength, 3803
counts[] = create, 3761
counts[] = isEmpty, 3749
counts[] = parseInt, 3716
counts[] = instance, 3679
counts[] = hashCode, 3667
counts[] = intValue, 3579
counts[] = getModel, 3530
counts[] = addComponent, 3527
counts[] = getWidth, 3472
counts[] = getHeight, 3342
counts[] = init, 3329
counts[] = newInstance, 3297
counts[] = isDebugEnabled, 3200
counts[] = elementAt, 3180
counts[] = toArray, 3100
counts[] = addAttribute, 3058
counts[] = exit, 2927
counts[] = addAll, 2926
counts[] = addProperty, 2886
counts[] = commit, 2886
counts[] = getParent, 2831
counts[] = item, 2812
counts[] = hasProperty, 2781
counts[] = start, 2761
counts[] = hasMoreElements, 2712
counts[] = nextElement, 2671
counts[] = LA, 2670
counts[] = load, 2649
counts[] = findAttribute, 2645
counts[] = getPath, 2636
counts[] = getSize, 2600
counts[] = format, 2576
counts[] = getInt, 2570
counts[] = getLog, 2562
counts[] = getLocalizedMessage, 2554
counts[] = getSchema, 2540
counts[] = getBytes, 2510
counts[] = flush, 2502
counts[] = endsWith, 2452
counts[] = parse, 2428
counts[] = jj_consume_token, 2401
counts[] = arraycopy, 2399
counts[] = getAbsolutePath, 2395
counts[] = delete, 2333
counts[] = setLayoutData, 2293
counts[] = release, 2291
counts[] = setIcon, 2285
counts[] = setFont, 2278
counts[] = toLowerCase, 2261
counts[] = match, 2251
counts[] = getContentPane, 2249
counts[] = setBorder, 2246
counts[] = getOut, 2220
counts[] = getCommand, 2188
counts[] = getSession, 2160
counts[] = getTime, 2160
counts[] = getContext, 2159
counts[] = replace, 2152
counts[] = getLocale, 2138
counts[] = isLoggable, 2122
counts[] = nextToken, 2121
counts[] = lookup, 2096
counts[] = compareTo, 2083
counts[] = appendChild, 2076
counts[] = getDepot, 2061
counts[] = getProperties, 2046
counts[] = setColor, 2045
counts[] = values, 2045
counts[] = invoke, 1986
counts[] = createParallelGroup, 1977
counts[] = assertNotNull, 1966
counts[] = getFile, 1931
counts[] = assertFalse, 1917
counts[] = setXmlType, 1901
counts[] = call, 1883
counts[] = isSelected, 1880
counts[] = setBackground, 1878
counts[] = getY, 1871
counts[] = getX, 1867
counts[] = getSource, 1860
counts[] = update, 1825
counts[] = setSize, 1810
counts[] = addGroup, 1804
counts[] = replaceAll, 1779
counts[] = lastIndexOf, 1777
counts[] = setPreferredSize, 1773
counts[] = dispose, 1771
counts[] = addToken, 1769
counts[] = split, 1764
counts[] = addText, 1760
counts[] = createProperty, 1729
counts[] = forName, 1715
counts[] = getDescription, 1710
counts[] = getCode, 1708
counts[] = getAllFields, 1700
counts[] = setSelected, 1687
counts[] = reset, 1685
counts[] = fail, 1676
counts[] = getMap, 1672
counts[] = getElement, 1656
counts[] = getComponent, 1642
counts[] = addListener, 1622
counts[] = repaint, 1619
counts[] = super.get_name, 1603
counts[] = booleanValue, 1585
counts[] = addParam, 1556
counts[] = getDocument, 1539
counts[] = getIcon, 1534
counts[] = createElement, 1533
counts[] = getInputStream, 1531
counts[] = evaluate, 1523
counts[] = save, 1522
counts[] = setBoolean, 1520
counts[] = initialize, 1509
counts[] = getKey, 1506
counts[] = getLocalName, 1461
counts[] = __call__, 1459
counts[] = getDataStore, 1456
counts[] = getFirstValue, 1448
counts[] = translate, 1447
counts[] = getAttributes, 1446
counts[] = getContent, 1428
counts[] = getObject, 1416
counts[] = getData, 1408
counts[] = getSupport, 1406
counts[] = rollback, 1404
counts[] = isDirectory, 1400
counts[] = setFieldName, 1400
counts[] = addFieldDesc, 1399
counts[] = setXmlName, 1399
counts[] = clone, 1397
counts[] = getSelectedIndex, 1394
counts[] = getChildren, 1388
counts[] = getClosure, 1370
counts[] = createResource, 1367
counts[] = readLine, 1363
counts[] = setInteger, 1348
counts[] = setNillable, 1348
counts[] = setToolTipText, 1346
counts[] = getElementsByTagName, 1343
counts[] = beginTransaction, 1340
counts[] = setBounds, 1336
counts[] = __get__, 1324
counts[] = encode, 1323
counts[] = abs, 1321
counts[] = doubleValue, 1321
counts[] = addContent, 1320
counts[] = getColumn, 1310
counts[] = setTitle, 1306
counts[] = doAfterBody, 1295
counts[] = setParameter, 1289
counts[] = getStatus, 1280
counts[] = max, 1279
counts[] = getSimpleName, 1272
counts[] = createSequentialGroup, 1271
counts[] = setDescription, 1251
counts[] = getDefault, 1247
counts[] = elements, 1235
counts[] = assertValue, 1230
counts[] = toUpperCase, 1225
counts[] = getBundle, 1224
counts[] = enter, 1221
counts[] = min, 1216
counts[] = selectSingleNode, 1212
counts[] = assertStatement, 1206
counts[] = createDefaultModel, 1200
counts[] = getLockAccess, 1198
counts[] = removeAll, 1195
counts[] = getParameters, 1185
counts[] = getID, 1183
counts[] = addPreferredGap, 1175
counts[] = show, 1167
counts[] = toMap, 1164
counts[] = convert, 1159
counts[] = run, 1156
counts[] = open, 1148
counts[] = sort, 1147
counts[] = showMessageDialog, 1143
counts[] = sleep, 1141
counts[] = asList, 1124
counts[] = getEntityClass, 1124
counts[] = out, 1123
counts[] = send, 1123
counts[] = getClassName, 1122
counts[] = getChildNodes, 1117
counts[] = parseLong, 1105
counts[] = getServletConfig, 1097
counts[] = createNewSession, 1094
counts[] = updateUI, 1092
counts[] = getEntityName, 1088
counts[] = getUser, 1083
counts[] = setKey, 1080
counts[] = setStatus, 1078
counts[] = setForeground, 1054
counts[] = getState, 1051
counts[] = generate, 1046
counts[] = setEditable, 1039
counts[] = putValue, 1032
counts[] = exec, 1030
counts[] = trace, 1022
counts[] = setType, 1017
counts[] = addContainerGap, 1008
counts[] = containsDeclarationOnce, 1007
counts[] = getMethod, 998
counts[] = instanceRef, 995
counts[] = matches, 993
counts[] = newDialog, 980
counts[] = toByteArray, 976
counts[] = getFont, 973
counts[] = currentThread, 960
counts[] = getHibernateDataSource, 953
counts[] = getLocation, 948
counts[] = setLocation, 947
counts[] = longValue, 941
counts[] = getConceptConfig, 934
counts[] = setData, 934
counts[] = getRequiredProperty, 924
counts[] = setModel, 922
counts[] = setSelectedIndex, 912
counts[] = getNode, 905
counts[] = getLabel, 904
counts[] = isAssignableFrom, 901
counts[] = getBoolean, 900
counts[] = getImage, 900
counts[] = list, 898
counts[] = getTitle, 897
counts[] = setLanguageText, 894
counts[] = getCls, 892
counts[] = getConnection, 890
counts[] = jj_ntk, 882
counts[] = getConfiguration, 881
counts[] = __setitem__, 877
counts[] = getSingleton, 874
counts[] = drawLine, 870
counts[] = x, 869
counts[] = addMouseListener, 867
counts[] = setAction, 862
counts[] = begin, 861
counts[] = getOutputStream, 858
counts[] = validate, 858
counts[] = jj_scan_token, 854
counts[] = getNodeName, 853
counts[] = closeNodeScope, 852
counts[] = pack, 852
counts[] = getHost, 848
counts[] = addChild, 847
counts[] = setMaprefUri, 847
counts[] = getClassLoader, 845
counts[] = fill, 839
counts[] = register, 839
counts[] = position, 837
counts[] = clock, 836
counts[] = getChild, 835
counts[] = getPort, 828
counts[] = entrySet, 826
counts[] = setContent, 823
counts[] = createStatement, 822
counts[] = jjCheckNAdd, 822
counts[] = getApplication, 821
counts[] = getMappedTestObject, 820
counts[] = putProperty, 817
counts[] = getCanonicalName, 816
counts[] = jjtreeCloseNodeScope, 813
counts[] = getObjMapStrategy, 809
counts[] = getCause, 808
counts[] = push, 807
counts[] = stack, 803
counts[] = pop, 800
counts[] = queryInterface, 798
counts[] = hasMoreTokens, 794
counts[] = getSelectedItem, 787
counts[] = getTagHandlerPool, 783
counts[] = getUrl, 781
counts[] = y, 781
counts[] = insert, 776
counts[] = getMetaModel, 772
counts[] = setContentType, 767
counts[] = getGridletID, 766
counts[] = getNodeValue, 764
counts[] = isDisposed, 762
counts[] = getAttributeValue, 760
counts[] = element, 758
counts[] = mark, 754
counts[] = concat, 752
counts[] = getBuffer, 752
counts[] = getLine, 750
counts[] = setScope, 746
counts[] = accept, 739
counts[] = executeQuery, 738
counts[] = getRoot, 735
counts[] = setTest, 734
counts[] = setId, 733
counts[] = saveOrUpdate, 731
counts[] = TypeError, 730
counts[] = compile, 729
counts[] = peek, 729
counts[] = floatValue, 728
counts[] = wrap, 728
counts[] = getTypeName, 727
counts[] = setup, 723
counts[] = getBounds, 716
counts[] = connect, 714
counts[] = group, 714
counts[] = addSeparator, 713
counts[] = as, 708
counts[] = addEvent, 699
counts[] = getView, 698
counts[] = store, 697
counts[] = openSession, 692
counts[] = getSelection, 691
counts[] = invokeLater, 691
counts[] = addItem, 685
counts[] = setHorizontalAlignment, 685
counts[] = keys, 684
counts[] = getAuthor, 680
counts[] = addGap, 677
counts[] = get_data, 667
counts[] = setOpaque, 665
counts[] = nextStatement, 664
counts[] = createQuery, 661
counts[] = jjtGetChild, 659
counts[] = writeByte, 659
counts[] = getParams, 657
counts[] = setMethod, 657
counts[] = RL, 656
counts[] = getResourceEntity, 653
counts[] = getFilename, 651
counts[] = getDate, 648
counts[] = multiply, 647
counts[] = getModuleMap, 642
counts[] = setDepot, 642
counts[] = getClsMapStrategy, 639
counts[] = setDataStore, 638
counts[] = getDisplay, 635
counts[] = executeUpdate, 634
counts[] = getList, 634
counts[] = getResult, 634
counts[] = getServletContext, 634
counts[] = output, 634
counts[] = commitMap, 632
counts[] = getComment, 632
counts[] = getShell, 632
counts[] = getURL, 629
counts[] = isEnabled, 629
counts[] = getRootElement, 628
counts[] = setMnemonic, 628
counts[] = decode, 627
counts[] = toCharArray, 625
counts[] = getEventManager, 624
counts[] = getPreferredSize, 624
counts[] = setLength, 623
counts[] = openNodeScope, 621
counts[] = containsDeclaration, 619
counts[] = getAction, 619
counts[] = getContents, 618
counts[] = writelockMap, 614
counts[] = setState, 613
counts[] = fillInStackTrace, 611
counts[] = readlockTypes, 611
counts[] = unlockTypes, 611
counts[] = getTextContent, 607
counts[] = getColor, 606
counts[] = super.toString, 606
counts[] = toHexString, 606
counts[] = createArgument, 605
counts[] = subtract, 600
counts[] = getRequest, 599
counts[] = listStatements, 598
counts[] = persist, 597
counts[] = getVersion, 595
counts[] = putShort, 595
counts[] = readChar, 595
counts[] = canAs, 594
counts[] = getContainer, 592
counts[] = getKeyStroke, 592
counts[] = setEntities, 591
counts[] = jjtreeOpenNodeScope, 589
counts[] = setMessage, 588
counts[] = setWidth, 587
counts[] = getModule, 582
counts[] = mkdirs, 582
counts[] = notNull, 580
counts[] = getResources, 579
counts[] = getSelectedRow, 579
counts[] = getSelectedFile, 578
counts[] = getTypeURI, 576
counts[] = drawString, 575
counts[] = getResourceAsStream, 575
counts[] = registerColumnType, 575
counts[] = getDocumentElement, 573
counts[] = getIndex, 573
counts[] = setSelection, 572
counts[] = stop, 571
counts[] = readInt, 570
counts[] = getPage, 569
counts[] = getSender, 569
counts[] = assertNull, 567
counts[] = getStringNotNull, 567
counts[] = matcher, 565
counts[] = copy, 563
counts[] = check, 559
counts[] = setMaximumSize, 556
counts[] = readlockObjects, 555
counts[] = unlockObjects, 555
counts[] = where, 555
counts[] = putInt, 553
counts[] = assertNoErrors, 552
counts[] = setImage, 552
counts[] = addToRequest, 551
counts[] = getNamespace, 550
counts[] = showError, 549
counts[] = hide, 547
counts[] = getErrors, 546
counts[] = getModifiers, 545
counts[] = getDoc, 537
counts[] = getProp, 536
counts[] = get_name, 535
counts[] = showDialog, 533
counts[] = getSubject, 532
counts[] = getPerformative, 530
counts[] = writeInt, 529
counts[] = toHex, 526
counts[] = getDefaultToolkit, 523
counts[] = getI18N, 523
counts[] = removeAttribute, 523
counts[] = _isStreaming, 522
counts[] = _release, 522
counts[] = listFiles, 520
counts[] = getParentFile, 519
counts[] = compare, 516
counts[] = getOrder, 516
counts[] = getModuleBean, 515
counts[] = outputMessage, 515
counts[] = parseDouble, 515
counts[] = getRowCount, 514
counts[] = nextInt, 513
counts[] = fillRect, 512
counts[] = addSelectionListener, 511
counts[] = getEntities, 509
counts[] = drawImage, 508
counts[] = convertDocument, 507
counts[] = refresh, 506
counts[] = setAlignmentX, 505
counts[] = getFloat, 502
counts[] = isValid, 502
counts[] = popNode, 502
counts[] = prepareStatement, 501
counts[] = runProcedure, 501
counts[] = registerState, 500
counts[] = addParameter, 499
counts[] = getLanguage, 499
counts[] = getTarget, 499
counts[] = addTab, 496
counts[] = getCurrent, 496
counts[] = setMinimumSize, 496
counts[] = eNotificationRequired, 495
counts[] = getGraphics, 495
counts[] = getOid, 495
counts[] = pushFollow, 495
counts[] = bind, 494
counts[] = map, 494
counts[] = super.get_id, 492
counts[] = wait, 492
counts[] = getFeature, 491
counts[] = getNumPE, 491
counts[] = getShort, 489
counts[] = createEmptyBorder, 486
counts[] = addToCheckSum, 484
counts[] = available, 484
counts[] = attributeValue, 483
counts[] = getColumnCount, 483
counts[] = setProject, 483
counts[] = fatal, 482
counts[] = getHeader, 481
counts[] = getWriter, 480
counts[] = addCommand, 475
counts[] = getBackground, 475
counts[] = getPassword, 475
counts[] = getDataSource, 474
counts[] = getParam, 474
counts[] = getAmount, 473
counts[] = getModelConfig, 472
counts[] = getMapping, 471
counts[] = getResponseMessage, 471
counts[] = addNode, 470
counts[] = getNumber, 467
counts[] = readlock, 466
counts[] = unlockread, 466
counts[] = eNotify, 464
counts[] = readObject, 464
counts[] = transform, 464
counts[] = changedItem, 463
counts[] = listProperties, 463
counts[] = getParamAt, 462
counts[] = cancel, 461
counts[] = getPosition, 460
counts[] = isArray, 460
counts[] = getBody, 459
counts[] = select, 459
counts[] = toExternalForm, 458
counts[] = clearNodeScope, 457
counts[] = getPredicate, 457
counts[] = removeChild, 457
counts[] = super.send, 457
counts[] = getConverter, 456
counts[] = isSessionAvailable, 456
counts[] = setRqContext, 456
counts[] = jjCheckNAddStates, 453
counts[] = getParentNode, 452
counts[] = err, 451
counts[] = jjStopAtPos, 449
counts[] = getRuntime, 448
counts[] = msg, 447
counts[] = setDefaultCloseOperation, 447
counts[] = getValueAt, 446
counts[] = getCount, 445
counts[] = setConstraints, 445
counts[] = getFullyQualifiedName, 444
counts[] = getEStructuralFeatures, 443
counts[] = setEntityClass, 442
counts[] = writeObject, 442
counts[] = get_tag, 440
counts[] = getFrameworkProject, 438
counts[] = z, 438
counts[] = getActions, 437
counts[] = getPlugin, 437
counts[] = getParameterTypes, 433
counts[] = getProtocol, 433
counts[] = isVisible, 432
counts[] = getNewCommand, 431
counts[] = jjCheckNAddTwoStates, 430
counts[] = generateJavaSource, 425
counts[] = notifyAll, 425
counts[] = clsRef, 423
counts[] = getLevel, 423
counts[] = apply, 422
counts[] = getLong, 422
counts[] = getRow, 422
counts[] = removeAllElements, 421
counts[] = toURL, 420
counts[] = getResourceType, 419
counts[] = getFileName, 417
counts[] = setHorizontalGroup, 417
counts[] = setVerticalGroup, 417
counts[] = getFontMetrics, 416
counts[] = setAuthor, 415
counts[] = getDocKey, 414
counts[] = toDB, 414
counts[] = createTypeInPackageP, 413
counts[] = getControl, 412
counts[] = instanceExists, 412
counts[] = getDefaultStringValue, 411
counts[] = getBean, 410
counts[] = resource, 410
counts[] = getManager, 409
counts[] = setColumns, 409
counts[] = getMyLogger, 408
counts[] = connection, 406
counts[] = configure, 405
counts[] = isWarnEnabled, 405
counts[] = nextNode, 405
counts[] = getContentManager, 403
counts[] = process, 403
counts[] = createTempFile, 402
counts[] = registerDefaultTransition, 402
counts[] = uniqueResult, 402
counts[] = setCellValue, 401
counts[] = getBaseSchema, 400
counts[] = getActionCommand, 398
counts[] = getAppFrame, 398
counts[] = getItem, 397
counts[] = getBooleanProperty, 395
counts[] = get_id, 395
counts[] = setCursor, 394
counts[] = createDocument, 393
counts[] = build, 392
counts[] = jjAddStates, 392
counts[] = type, 391
counts[] = changeObject, 386
counts[] = sendError, 386
counts[] = toJava, 385
counts[] = getStats, 382
counts[] = revalidate, 382
counts[] = getTagName, 381
counts[] = getValues, 380
counts[] = lastModified, 379
counts[] = createCriteria, 378
counts[] = getCurrentInstance, 378
counts[] = isReference, 378
counts[] = createCell, 377
counts[] = getEvaluationHelper, 375
counts[] = getExternalContext, 375
counts[] = getUserName, 375
counts[] = initComponents, 374
counts[] = getCurrentProject, 373
counts[] = getPilots, 372
counts[] = warning, 372
counts[] = eDerivedStructuralFeatureID, 370
counts[] = getConstructor, 370
counts[] = addFilter, 369
counts[] = getElementAt, 368
counts[] = getProjectPath, 368
counts[] = getUsername, 368
counts[] = firePropertyChange, 367
counts[] = getStringManager, 367
counts[] = setViewportView, 367
counts[] = LT, 364
counts[] = getChildCount, 364
counts[] = jjtAccept, 364
counts[] = createTitledBorder, 363
counts[] = setHeader, 363
counts[] = visit, 363
counts[] = getToolkit, 362
counts[] = render, 362
counts[] = setContents, 361
counts[] = unlockwrite, 361
counts[] = consume, 359
counts[] = first, 358
counts[] = newDocumentBuilder, 358
counts[] = getConfig, 357
counts[] = setEntityName, 357
counts[] = getContentType, 356
counts[] = hasStoredCollection, 356
counts[] = loadClass, 356
counts[] = getDefaultValue, 355
counts[] = hasStoredResource, 355
counts[] = getCountry, 354
counts[] = setTime, 354
counts[] = getCommandType, 353
counts[] = getEntry, 353
counts[] = name, 353
counts[] = getChannel, 352
counts[] = getDomain, 351
counts[] = addChangeListener, 350
counts[] = isNotEmpty, 350
counts[] = getStringValue, 349
counts[] = getDomainConfig, 348
counts[] = getField, 348
counts[] = getQualifiedName, 348
counts[] = setResizable, 348
counts[] = search, 347
counts[] = sendRedirect, 347
counts[] = toList, 347
counts[] = getPropertyClass, 346
counts[] = getSelectionModel, 346
counts[] = addKeyListener, 345
counts[] = isSet, 345
counts[] = controlPointAt, 344
counts[] = getBooleanParameter, 344
counts[] = getWindow, 344
counts[] = isFile, 342
counts[] = super.init, 342
counts[] = lineTo, 341
counts[] = serialize, 341
counts[] = getIntParameter, 340
counts[] = setHeight, 340
counts[] = getDirection, 339
counts[] = setMargin, 339
counts[] = getOrderName, 338
counts[] = getStyle, 338
counts[] = merge, 338
counts[] = yybegin, 338
counts[] = getLastPathComponent, 337
counts[] = marshal, 336
counts[] = registerTransition, 336
counts[] = getReturnType, 335
counts[] = getFrom, 334
counts[] = readUTF, 334
counts[] = getEntity, 333
counts[] = putAll, 332
counts[] = getFirstChild, 330
counts[] = getTimestamp, 330
counts[] = notifyException, 330
counts[] = super.setUp, 330
counts[] = notSupported, 328
counts[] = setAggregate, 328
counts[] = fetch, 326
counts[] = getColumnModel, 326
counts[] = getRevisionModelStrategy, 326
counts[] = returnError, 326
counts[] = setResponse, 326
counts[] = setStringParameter, 326
counts[] = getAllTypes, 325
counts[] = getResourceName, 325
counts[] = rdfslabel, 325
counts[] = eq, 324
counts[] = getEmail, 324
counts[] = openStream, 322
counts[] = getInitParameter, 321
counts[] = addWindowListener, 320
counts[] = getTable, 320
counts[] = createCopy, 319
counts[] = loadPage, 317
counts[] = suite, 317
counts[] = getCategories, 316
counts[] = getItems, 315
counts[] = getPropertyName, 315
counts[] = getProximityConstraint, 315
counts[] = interrupt, 315
counts[] = writeBytes, 315
counts[] = getStart, 314
counts[] = draw, 313
counts[] = jsonSuccessMessage, 313
counts[] = getCurrency, 312
counts[] = writelock, 312
counts[] = getDefaultProjectContext, 311
counts[] = getDirectionConstraint, 311
counts[] = constraintViolated, 310
counts[] = data, 310
counts[] = getContextClassLoader, 310
counts[] = runSync, 310
counts[] = emptyString, 309
counts[] = getTree, 309
counts[] = setUrl, 309
counts[] = and, 308
counts[] = createImage, 308
counts[] = getAID, 308
counts[] = getResponse, 307
counts[] = openConnection, 307
counts[] = round, 307
counts[] = getCanonicalPath, 306
counts[] = click, 303
counts[] = getEntityId, 303
counts[] = jsonErrorMessage, 303
counts[] = executeMethod, 302
counts[] = setCaretPosition, 302
counts[] = getProjectName, 301
counts[] = getYear, 301
counts[] = super.reset, 301
counts[] = getFolder, 300
counts[] = logError, 299
counts[] = coordinates, 298
counts[] = beep, 297
counts[] = getInsets, 297
counts[] = moduleExists, 297
counts[] = setActionCommand, 297
counts[] = setWicketId, 297
counts[] = initWidget, 296
counts[] = cos, 295
counts[] = createNewFile, 295
counts[] = getRequestDispatcher, 295
counts[] = join, 295
counts[] = selectNodes, 295
counts[] = setFirstname, 295
counts[] = getAbsObject, 294
counts[] = getColumnName, 294
counts[] = getViewMeta, 294
counts[] = isDigit, 294
counts[] = setAccelerator, 294
counts[] = asyncExec, 293
counts[] = darker, 293
counts[] = findByPrimaryKey, 293
counts[] = isInfoEnabled, 293
counts[] = addFault, 292
counts[] = assertXpathTextEquals, 292
counts[] = setMinOccurs, 292
counts[] = writeBoolean, 292
counts[] = addError, 290
counts[] = clsMaprefUri, 290
counts[] = destroy, 290
counts[] = getPoint, 290
counts[] = setInput, 290
counts[] = member, 289
counts[] = findForward, 288
counts[] = getAddress, 288
counts[] = getAllowedValuesCollection, 288
counts[] = getDocumentBuilder, 288
counts[] = forward, 287
counts[] = getEncoding, 287
counts[] = getFeed, 287
counts[] = getRenderer, 287
counts[] = intersect, 287
counts[] = synchronizedMap, 287
counts[] = addBehaviour, 286
counts[] = archiveAllHistory, 286
counts[] = getLocalHost, 285
counts[] = getOutputParameter, 285
counts[] = newLine, 285
counts[] = sin, 285
counts[] = getContextPath, 284
counts[] = getTransaction, 284
counts[] = getSelectedValue, 283
counts[] = setSource, 283
counts[] = getBufferSize, 281
counts[] = getReference, 281
counts[] = writeUTF, 281
counts[] = getComponentProperties, 280
counts[] = getConversationId, 280
counts[] = getStringProperty, 280
counts[] = getViewport, 280
counts[] = random, 280
counts[] = setStyle, 280
counts[] = validProject, 280
counts[] = assertValueInCollection, 279
counts[] = getUserObject, 279
counts[] = setModified, 279
counts[] = getAcroFields, 278
counts[] = getFrame, 278
counts[] = invokeMethod, 278
counts[] = setCellRenderer, 278
counts[] = setPerformative, 278
counts[] = setSingleForm, 278
counts[] = synchronizedList, 278
counts[] = addProp, 277
counts[] = clsMapRef, 277
counts[] = setFrom, 277
counts[] = setPortName, 277
counts[] = assertXpathNotNull, 276
counts[] = getHostAddress, 276
counts[] = getResults, 276
counts[] = setPassword, 276
counts[] = getCaretPosition, 275
counts[] = getScreenSize, 275
counts[] = setNsPrefix, 275
counts[] = notify, 274
counts[] = showOpenDialog, 274
counts[] = getException, 273
counts[] = getFittingTypes, 273
counts[] = getNamedItem, 273
counts[] = isConnected, 273
counts[] = jspError, 273
counts[] = setInt, 273
counts[] = stringWidth, 273
counts[] = end, 272
counts[] = getOntology, 272
counts[] = getRoles, 272
counts[] = requestFocus, 272
counts[] = setScale, 270
counts[] = dispatch, 269
counts[] = setComment, 269
counts[] = setPoints, 268
counts[] = clsExists, 267
counts[] = mkdir, 267
counts[] = radius, 267
counts[] = removeElement, 267
counts[] = hasAttribute, 266
counts[] = pow, 266
counts[] = setLocale, 266
counts[] = sqrt, 266
counts[] = super.sim_schedule, 266
counts[] = floor, 265
counts[] = getAll, 265
counts[] = getProjectContext, 265
counts[] = sendMessage, 265
counts[] = setPosition, 265
counts[] = getInstances, 264
counts[] = getMethods, 264
counts[] = getPanel, 264
counts[] = getRootPane, 264
counts[] = limit, 264
counts[] = setEntityOrder, 264
counts[] = addListSelectionListener, 263
counts[] = getOwner, 263
counts[] = getPara, 263
counts[] = getSuperclass, 263
counts[] = listSubjectsWithProperty, 263
counts[] = date, 262
counts[] = getRevisionNumber, 262
counts[] = getiLog, 262
counts[] = nextResource, 262
counts[] = getDeltaContext, 261
counts[] = getKind, 261
counts[] = string, 261
counts[] = addPropertyChangeListener, 260
counts[] = addStoredResource, 260
counts[] = getMainAttributes, 260
counts[] = getOffset, 260
counts[] = removeElementAt, 260
counts[] = setResultSetParameter, 260
counts[] = addTestSuite, 259
counts[] = getEPackage, 259
counts[] = query, 259
counts[] = withCeasedAvailability, 259
counts[] = addStyleName, 258
counts[] = checkSum, 258
counts[] = deIterator, 258
counts[] = getSQLConnection, 258
counts[] = setPage, 258
counts[] = attribute, 257
counts[] = createLogger, 257
counts[] = setNumber, 257
counts[] = fireEvent, 256
counts[] = getFields, 256
counts[] = getStartOffset, 256
counts[] = setX, 256
counts[] = vp, 256
counts[] = addArgument, 255
counts[] = deserializeToJDOM, 255
counts[] = getUrls, 255
counts[] = showConfirmDialog, 255
counts[] = toObject, 255
counts[] = ACTIVITY, 254
counts[] = commitObjects, 254
counts[] = getAnnotation, 254
counts[] = getEntitiesCode, 254
counts[] = findViewById, 253
counts[] = isEditable, 253
counts[] = setSelectionMode, 253
counts[] = shutdown, 253
counts[] = getEntityOrder, 252
counts[] = value, 252
counts[] = getDefaultFactory, 251
counts[] = readString, 251
counts[] = reload, 251
counts[] = Expression, 250
counts[] = getByName, 250
counts[] = getDocuments, 250
counts[] = getModuleUri, 250
counts[] = getRGB, 250
counts[] = super.sim_get_next, 250
counts[] = ReInit, 249
counts[] = getPageManager, 249
counts[] = setReturnValue, 249
counts[] = buildSuperTypeHierarchy, 248
counts[] = getMainFrame, 248
counts[] = getResourceID, 248
counts[] = isSuccess, 248
counts[] = setSubject, 248
counts[] = getPageContext, 247
counts[] = getMapModel, 246
counts[] = getRecordSize, 246
counts[] = listObjectsOfProperty, 245
counts[] = loadImage, 245
projectsWithUnsafe[] = databene benerator, 18
projectsWithUnsafe[] = Gracelets, 8
projectsWithUnsafe[] = SimTorrent, 8
projectsWithUnsafe[] = CLIPC, 7
projectsWithUnsafe[] = ControlTier, 1
projectsWithUnsafe[] = Java Virtual System, 1
