projectsWithUnsafe[] = http://sourceforge.net/projects/gadzoink, 1844
projectsWithUnsafe[] = http://sourceforge.net/projects/controltier, 1052
projectsWithUnsafe[] = http://sourceforge.net/projects/jvs-vfs, 996
projectsWithUnsafe[] = http://sourceforge.net/projects/mundojava, 825
projectsWithUnsafe[] = http://sourceforge.net/projects/openweboffice, 387
projectsWithUnsafe[] = http://sourceforge.net/projects/gwanted, 384
projectsWithUnsafe[] = http://sourceforge.net/projects/simtorrent, 297
projectsWithUnsafe[] = http://sourceforge.net/projects/snipsnap, 249
projectsWithUnsafe[] = http://sourceforge.net/projects/qamanager, 196
projectsWithUnsafe[] = http://sourceforge.net/projects/oradev, 190
projectsWithUnsafe[] = http://sourceforge.net/projects/cesw, 165
projectsWithUnsafe[] = http://sourceforge.net/projects/izstazu-vadiba, 153
projectsWithUnsafe[] = http://sourceforge.net/projects/hoepschjson, 135
projectsWithUnsafe[] = http://sourceforge.net/projects/gaia-framework, 102
projectsWithUnsafe[] = http://sourceforge.net/projects/inforama, 91
projectsWithUnsafe[] = http://sourceforge.net/projects/pulse-java, 78
projectsWithUnsafe[] = http://sourceforge.net/projects/inetpeering, 69
projectsWithUnsafe[] = http://sourceforge.net/projects/talkagentfw, 61
projectsWithUnsafe[] = http://sourceforge.net/projects/ppking, 55
projectsWithUnsafe[] = http://sourceforge.net/projects/teipublisher, 54
projectsWithUnsafe[] = http://sourceforge.net/projects/dmventure, 53
projectsWithUnsafe[] = http://sourceforge.net/projects/ircjdrworld, 52
projectsWithUnsafe[] = http://sourceforge.net/projects/unicademic, 52
projectsWithUnsafe[] = http://sourceforge.net/projects/benerator, 50
projectsWithUnsafe[] = http://sourceforge.net/projects/jfinder, 44
projectsWithUnsafe[] = http://sourceforge.net/projects/mecat, 42
projectsWithUnsafe[] = http://sourceforge.net/projects/kena, 39
projectsWithUnsafe[] = http://sourceforge.net/projects/j2xtreme, 38
projectsWithUnsafe[] = http://sourceforge.net/projects/jir, 33
projectsWithUnsafe[] = http://sourceforge.net/projects/jxine, 33
projectsWithUnsafe[] = http://sourceforge.net/projects/koalaxml, 32
projectsWithUnsafe[] = http://sourceforge.net/projects/jodbms, 30
projectsWithUnsafe[] = http://sourceforge.net/projects/gothe, 29
projectsWithUnsafe[] = http://sourceforge.net/projects/osziviewer, 29
projectsWithUnsafe[] = http://sourceforge.net/projects/opencachemanage, 26
projectsWithUnsafe[] = http://sourceforge.net/projects/labeldecorator, 23
projectsWithUnsafe[] = http://sourceforge.net/projects/toolbag, 23
projectsWithUnsafe[] = http://sourceforge.net/projects/mediaspaces, 22
projectsWithUnsafe[] = http://sourceforge.net/projects/yajcp, 22
projectsWithUnsafe[] = http://sourceforge.net/projects/blitzmessenger, 21
projectsWithUnsafe[] = http://sourceforge.net/projects/ezingbuilder, 21
projectsWithUnsafe[] = http://sourceforge.net/projects/agileprojectrep, 20
projectsWithUnsafe[] = http://sourceforge.net/projects/hipo, 20
projectsWithUnsafe[] = http://sourceforge.net/projects/daedalus-os, 19
projectsWithUnsafe[] = http://sourceforge.net/projects/jpodder, 19
projectsWithUnsafe[] = http://sourceforge.net/projects/ddgp, 17
projectsWithUnsafe[] = http://sourceforge.net/projects/paowl, 17
projectsWithUnsafe[] = http://sourceforge.net/projects/gracelets, 16
projectsWithUnsafe[] = http://sourceforge.net/projects/pounamu, 16
projectsWithUnsafe[] = http://sourceforge.net/projects/clipc, 15
projectsWithUnsafe[] = http://sourceforge.net/projects/facebooksbooks, 14
projectsWithUnsafe[] = http://sourceforge.net/projects/pineapple-ide, 13
projectsWithUnsafe[] = http://sourceforge.net/projects/pnn, 12
projectsWithUnsafe[] = http://sourceforge.net/projects/worship, 10
projectsWithUnsafe[] = http://sourceforge.net/projects/formlayoutmaker, 8
projectsWithUnsafe[] = http://sourceforge.net/projects/xargonlib, 8
projectsWithUnsafe[] = http://sourceforge.net/projects/jabaserver, 7
projectsWithUnsafe[] = http://sourceforge.net/projects/nzbclient, 7
projectsWithUnsafe[] = http://sourceforge.net/projects/transcraftbook, 7
projectsWithUnsafe[] = http://sourceforge.net/projects/mmunit, 6
projectsWithUnsafe[] = http://sourceforge.net/projects/openccam, 5
projectsWithUnsafe[] = http://sourceforge.net/projects/otherworld, 5
projectsWithUnsafe[] = http://sourceforge.net/projects/smallgantt, 5
projectsWithUnsafe[] = http://sourceforge.net/projects/eimpact-sas, 4
projectsWithUnsafe[] = http://sourceforge.net/projects/fixpusher, 4
projectsWithUnsafe[] = http://sourceforge.net/projects/gridsim, 4
projectsWithUnsafe[] = http://sourceforge.net/projects/intoj, 4
projectsWithUnsafe[] = http://sourceforge.net/projects/telnetoverhttp, 4
projectsWithUnsafe[] = http://sourceforge.net/projects/tile3d, 4
projectsWithUnsafe[] = http://sourceforge.net/projects/treecster, 4
projectsWithUnsafe[] = http://sourceforge.net/projects/yaams, 4
projectsWithUnsafe[] = http://sourceforge.net/projects/butterflyxml, 3
projectsWithUnsafe[] = http://sourceforge.net/projects/bvalid, 3
projectsWithUnsafe[] = http://sourceforge.net/projects/jxp, 3
projectsWithUnsafe[] = http://sourceforge.net/projects/lajoya, 3
projectsWithUnsafe[] = http://sourceforge.net/projects/openwms2005, 3
projectsWithUnsafe[] = http://sourceforge.net/projects/sutsad, 3
projectsWithUnsafe[] = http://sourceforge.net/projects/ahat, 2
projectsWithUnsafe[] = http://sourceforge.net/projects/coat, 2
projectsWithUnsafe[] = http://sourceforge.net/projects/code4flex, 2
projectsWithUnsafe[] = http://sourceforge.net/projects/dnspentest, 2
projectsWithUnsafe[] = http://sourceforge.net/projects/liferayplugins, 2
projectsWithUnsafe[] = http://sourceforge.net/projects/phiirc, 2
projectsWithUnsafe[] = http://sourceforge.net/projects/sonomap, 2
projectsWithUnsafe[] = http://sourceforge.net/projects/wabawt, 2
projectsWithUnsafe[] = http://sourceforge.net/projects/fim1, 1
projectsWithUnsafe[] = http://sourceforge.net/projects/gddc, 1
projectsWithUnsafe[] = http://sourceforge.net/projects/ipmsg, 1
projectsWithUnsafe[] = http://sourceforge.net/projects/javaxul, 1
projectsWithUnsafe[] = http://sourceforge.net/projects/jgpxtool, 1
projectsWithUnsafe[] = http://sourceforge.net/projects/jspshop, 1
projectsWithUnsafe[] = http://sourceforge.net/projects/marble, 1
projectsWithUnsafe[] = http://sourceforge.net/projects/qcmarelv2, 1
projectsWithUnsafe[] = http://sourceforge.net/projects/sart, 1
