counts[] = getInt, 2570
counts[] = getObject, 1416
counts[] = getBoolean, 900
counts[] = putShort, 595
counts[] = putInt, 553
counts[] = getFloat, 502
counts[] = getShort, 489
counts[] = getLong, 422
counts[] = getAddress, 288
counts[] = getDouble, 197
counts[] = getByte, 154
counts[] = putByte, 84
counts[] = putBoolean, 60
counts[] = defineClass, 58
counts[] = freeMemory, 57
counts[] = putDouble, 20
counts[] = putLong, 19
counts[] = throwException, 15
counts[] = getChar, 12
counts[] = setMemory, 12
counts[] = sun.misc.BASE64Decoder, 12
counts[] = putObject, 10
counts[] = sun.misc.BASE64Encoder, 5
counts[] = putChar, 2
counts[] = putFloat, 2
counts[] = objectFieldOffset, 1
counts[] = sun.misc.CharacterEncoder, 1
counts[] = sun.misc.Unsafe, 1
counts[] = sun.misc.VM, 1
projectsWithUnsafe[] = databene benerator, 18
projectsWithUnsafe[] = Gracelets, 8
projectsWithUnsafe[] = SimTorrent, 8
projectsWithUnsafe[] = CLIPC, 7
projectsWithUnsafe[] = ControlTier, 1
projectsWithUnsafe[] = Java Virtual System, 1
