projectsWith[CLIPC][An open source Java library for interprocess communications.][http://sourceforge.net/projects/clipc][/trunk/util/src/com/lts/application/data/AppDataHelper.java] = 1
projectsWith[CLIPC][An open source Java library for interprocess communications.][http://sourceforge.net/projects/clipc][/trunk/util/src/com/lts/application/data/plugable/XmlStorageMethod.java] = 1
projectsWith[CLIPC][An open source Java library for interprocess communications.][http://sourceforge.net/projects/clipc][/trunk/util/src/com/lts/application/repository/AppDataHelper.java] = 1
projectsWith[CLIPC][An open source Java library for interprocess communications.][http://sourceforge.net/projects/clipc][/trunk/util/src/com/lts/application/repository/DirectoryRepository.java] = 1
projectsWith[CLIPC][An open source Java library for interprocess communications.][http://sourceforge.net/projects/clipc][/trunk/util/src/com/lts/application/repository/SimpleZipRepository.java] = 1
projectsWith[CLIPC][An open source Java library for interprocess communications.][http://sourceforge.net/projects/clipc][/trunk/util/src/com/lts/compare/test/CompareSerialized.java] = 1
projectsWith[CLIPC][An open source Java library for interprocess communications.][http://sourceforge.net/projects/clipc][/trunk/util/src/com/lts/xmlser/XmlSerializer.java] = 1
projectsWith[CLIPC][An open source Java library for interprocess communications.][http://sourceforge.net/projects/clipc][/trunk/util/src/com/lts/xmlser/fixups/ArrayFixup.java] = 1
projectsWith[CLIPC][An open source Java library for interprocess communications.][http://sourceforge.net/projects/clipc][/trunk/util/src/com/lts/xmlser/fixups/CollectionFixup.java] = 1
projectsWith[CLIPC][An open source Java library for interprocess communications.][http://sourceforge.net/projects/clipc][/trunk/util/src/com/lts/xmlser/fixups/FieldFixup.java] = 1
projectsWith[CLIPC][An open source Java library for interprocess communications.][http://sourceforge.net/projects/clipc][/trunk/util/src/com/lts/xmlser/fixups/ReferenceFixup.java] = 1
projectsWith[CLIPC][An open source Java library for interprocess communications.][http://sourceforge.net/projects/clipc][/trunk/util/src/com/lts/xmlser/tags/ArrayTag.java] = 1
projectsWith[CLIPC][An open source Java library for interprocess communications.][http://sourceforge.net/projects/clipc][/trunk/util/src/com/lts/xmlser/tags/CollectionTag.java] = 1
projectsWith[CLIPC][An open source Java library for interprocess communications.][http://sourceforge.net/projects/clipc][/trunk/util/src/com/lts/xmlser/tags/DateTag.java] = 1
projectsWith[CLIPC][An open source Java library for interprocess communications.][http://sourceforge.net/projects/clipc][/trunk/util/src/com/lts/xmlser/tags/MapTag.java] = 1
projectsWith[CLIPC][An open source Java library for interprocess communications.][http://sourceforge.net/projects/clipc][/trunk/util/src/com/lts/xmlser/tags/NullTag.java] = 1
projectsWith[CLIPC][An open source Java library for interprocess communications.][http://sourceforge.net/projects/clipc][/trunk/util/src/com/lts/xmlser/tags/ObjectTag.java] = 1
projectsWith[CLIPC][An open source Java library for interprocess communications.][http://sourceforge.net/projects/clipc][/trunk/util/src/com/lts/xmlser/tags/PrimitiveTag.java] = 1
projectsWith[CLIPC][An open source Java library for interprocess communications.][http://sourceforge.net/projects/clipc][/trunk/util/src/com/lts/xmlser/tags/ReferenceTag.java] = 1
projectsWith[CLIPC][An open source Java library for interprocess communications.][http://sourceforge.net/projects/clipc][/trunk/util/src/com/lts/xmlser/tags/SimpleTag.java] = 1
projectsWith[CLIPC][An open source Java library for interprocess communications.][http://sourceforge.net/projects/clipc][/trunk/util/src/com/lts/xmlser/tags/StringSerializedTag.java] = 1
projectsWith[CLIPC][An open source Java library for interprocess communications.][http://sourceforge.net/projects/clipc][/trunk/util/src/com/lts/xmlser/tags/StringTag.java] = 1
projectsWith[CLIPC][An open source Java library for interprocess communications.][http://sourceforge.net/projects/clipc][/trunk/util/src/com/lts/xmlser/test/TestXmlSerializer.java] = 1
projectsWith[CalorieCount][Track what you eat.][http://sourceforge.net/projects/caloriecount][/branches/20080517-adjustment/util/com/lts/application/repository/DirectoryRepository.java] = 1
projectsWith[CalorieCount][Track what you eat.][http://sourceforge.net/projects/caloriecount][/branches/20080517-adjustment/util/com/lts/application/repository/SimpleZipRepository.java] = 1
projectsWith[CalorieCount][Track what you eat.][http://sourceforge.net/projects/caloriecount][/branches/20080517-adjustment/util/com/lts/xmlser/tags/ObjectTag.java] = 1
projectsWith[CalorieCount][Track what you eat.][http://sourceforge.net/projects/caloriecount][/branches/20080607-release/util/com/lts/application/repository/DirectoryRepository.java] = 1
projectsWith[CalorieCount][Track what you eat.][http://sourceforge.net/projects/caloriecount][/branches/20080607-release/util/com/lts/application/repository/SimpleZipRepository.java] = 1
projectsWith[CalorieCount][Track what you eat.][http://sourceforge.net/projects/caloriecount][/branches/20080607-release/util/com/lts/xmlser/tags/ObjectTag.java] = 1
projectsWith[CalorieCount][Track what you eat.][http://sourceforge.net/projects/caloriecount][/trunk/util/com/lts/application/data/AppDataHelper.java] = 1
projectsWith[CalorieCount][Track what you eat.][http://sourceforge.net/projects/caloriecount][/trunk/util/com/lts/application/data/plugable/XmlStorageMethod.java] = 1
projectsWith[CalorieCount][Track what you eat.][http://sourceforge.net/projects/caloriecount][/trunk/util/com/lts/application/repository/AppDataHelper.java] = 1
projectsWith[CalorieCount][Track what you eat.][http://sourceforge.net/projects/caloriecount][/trunk/util/com/lts/application/repository/DirectoryRepository.java] = 1
projectsWith[CalorieCount][Track what you eat.][http://sourceforge.net/projects/caloriecount][/trunk/util/com/lts/application/repository/SimpleZipRepository.java] = 1
projectsWith[CalorieCount][Track what you eat.][http://sourceforge.net/projects/caloriecount][/trunk/util/com/lts/compare/test/CompareSerialized.java] = 1
projectsWith[CalorieCount][Track what you eat.][http://sourceforge.net/projects/caloriecount][/trunk/util/com/lts/xmlser/XmlSerializer.java] = 1
projectsWith[CalorieCount][Track what you eat.][http://sourceforge.net/projects/caloriecount][/trunk/util/com/lts/xmlser/fixups/ArrayFixup.java] = 1
projectsWith[CalorieCount][Track what you eat.][http://sourceforge.net/projects/caloriecount][/trunk/util/com/lts/xmlser/fixups/CollectionFixup.java] = 1
projectsWith[CalorieCount][Track what you eat.][http://sourceforge.net/projects/caloriecount][/trunk/util/com/lts/xmlser/fixups/FieldFixup.java] = 1
projectsWith[CalorieCount][Track what you eat.][http://sourceforge.net/projects/caloriecount][/trunk/util/com/lts/xmlser/fixups/ReferenceFixup.java] = 1
projectsWith[CalorieCount][Track what you eat.][http://sourceforge.net/projects/caloriecount][/trunk/util/com/lts/xmlser/tags/ArrayTag.java] = 1
projectsWith[CalorieCount][Track what you eat.][http://sourceforge.net/projects/caloriecount][/trunk/util/com/lts/xmlser/tags/CollectionTag.java] = 1
projectsWith[CalorieCount][Track what you eat.][http://sourceforge.net/projects/caloriecount][/trunk/util/com/lts/xmlser/tags/DateTag.java] = 1
projectsWith[CalorieCount][Track what you eat.][http://sourceforge.net/projects/caloriecount][/trunk/util/com/lts/xmlser/tags/MapTag.java] = 1
projectsWith[CalorieCount][Track what you eat.][http://sourceforge.net/projects/caloriecount][/trunk/util/com/lts/xmlser/tags/NullTag.java] = 1
projectsWith[CalorieCount][Track what you eat.][http://sourceforge.net/projects/caloriecount][/trunk/util/com/lts/xmlser/tags/ObjectTag.java] = 1
projectsWith[CalorieCount][Track what you eat.][http://sourceforge.net/projects/caloriecount][/trunk/util/com/lts/xmlser/tags/PrimitiveTag.java] = 1
projectsWith[CalorieCount][Track what you eat.][http://sourceforge.net/projects/caloriecount][/trunk/util/com/lts/xmlser/tags/ReferenceTag.java] = 1
projectsWith[CalorieCount][Track what you eat.][http://sourceforge.net/projects/caloriecount][/trunk/util/com/lts/xmlser/tags/SimpleTag.java] = 1
projectsWith[CalorieCount][Track what you eat.][http://sourceforge.net/projects/caloriecount][/trunk/util/com/lts/xmlser/tags/StringSerializedTag.java] = 1
projectsWith[CalorieCount][Track what you eat.][http://sourceforge.net/projects/caloriecount][/trunk/util/com/lts/xmlser/tags/StringTag.java] = 1
projectsWith[CalorieCount][Track what you eat.][http://sourceforge.net/projects/caloriecount][/trunk/util/com/lts/xmlser/test/TestXmlSerializer.java] = 1
projectsWith[ClassReach][ClassReach is a utility to identify unused Java classes and methods.  Once identified, such things can be removed from the code, hopefully simplifying the system.][http://sourceforge.net/projects/classreach][/others/util/trunk/src/com/lts/application/data/AppDataHelper.java] = 1
projectsWith[ClassReach][ClassReach is a utility to identify unused Java classes and methods.  Once identified, such things can be removed from the code, hopefully simplifying the system.][http://sourceforge.net/projects/classreach][/others/util/trunk/src/com/lts/application/data/plugable/XmlStorageMethod.java] = 1
projectsWith[ClassReach][ClassReach is a utility to identify unused Java classes and methods.  Once identified, such things can be removed from the code, hopefully simplifying the system.][http://sourceforge.net/projects/classreach][/others/util/trunk/src/com/lts/application/repository/AppDataHelper.java] = 1
projectsWith[ClassReach][ClassReach is a utility to identify unused Java classes and methods.  Once identified, such things can be removed from the code, hopefully simplifying the system.][http://sourceforge.net/projects/classreach][/others/util/trunk/src/com/lts/application/repository/DirectoryRepository.java] = 1
projectsWith[ClassReach][ClassReach is a utility to identify unused Java classes and methods.  Once identified, such things can be removed from the code, hopefully simplifying the system.][http://sourceforge.net/projects/classreach][/others/util/trunk/src/com/lts/application/repository/SimpleZipRepository.java] = 1
projectsWith[ClassReach][ClassReach is a utility to identify unused Java classes and methods.  Once identified, such things can be removed from the code, hopefully simplifying the system.][http://sourceforge.net/projects/classreach][/others/util/trunk/src/com/lts/compare/test/CompareSerialized.java] = 1
projectsWith[ClassReach][ClassReach is a utility to identify unused Java classes and methods.  Once identified, such things can be removed from the code, hopefully simplifying the system.][http://sourceforge.net/projects/classreach][/others/util/trunk/src/com/lts/xmlser/XmlSerializer.java] = 1
projectsWith[ClassReach][ClassReach is a utility to identify unused Java classes and methods.  Once identified, such things can be removed from the code, hopefully simplifying the system.][http://sourceforge.net/projects/classreach][/others/util/trunk/src/com/lts/xmlser/fixups/ArrayFixup.java] = 1
projectsWith[ClassReach][ClassReach is a utility to identify unused Java classes and methods.  Once identified, such things can be removed from the code, hopefully simplifying the system.][http://sourceforge.net/projects/classreach][/others/util/trunk/src/com/lts/xmlser/fixups/CollectionFixup.java] = 1
projectsWith[ClassReach][ClassReach is a utility to identify unused Java classes and methods.  Once identified, such things can be removed from the code, hopefully simplifying the system.][http://sourceforge.net/projects/classreach][/others/util/trunk/src/com/lts/xmlser/fixups/FieldFixup.java] = 1
projectsWith[ClassReach][ClassReach is a utility to identify unused Java classes and methods.  Once identified, such things can be removed from the code, hopefully simplifying the system.][http://sourceforge.net/projects/classreach][/others/util/trunk/src/com/lts/xmlser/fixups/ReferenceFixup.java] = 1
projectsWith[ClassReach][ClassReach is a utility to identify unused Java classes and methods.  Once identified, such things can be removed from the code, hopefully simplifying the system.][http://sourceforge.net/projects/classreach][/others/util/trunk/src/com/lts/xmlser/tags/ArrayTag.java] = 1
projectsWith[ClassReach][ClassReach is a utility to identify unused Java classes and methods.  Once identified, such things can be removed from the code, hopefully simplifying the system.][http://sourceforge.net/projects/classreach][/others/util/trunk/src/com/lts/xmlser/tags/CollectionTag.java] = 1
projectsWith[ClassReach][ClassReach is a utility to identify unused Java classes and methods.  Once identified, such things can be removed from the code, hopefully simplifying the system.][http://sourceforge.net/projects/classreach][/others/util/trunk/src/com/lts/xmlser/tags/DateTag.java] = 1
projectsWith[ClassReach][ClassReach is a utility to identify unused Java classes and methods.  Once identified, such things can be removed from the code, hopefully simplifying the system.][http://sourceforge.net/projects/classreach][/others/util/trunk/src/com/lts/xmlser/tags/MapTag.java] = 1
projectsWith[ClassReach][ClassReach is a utility to identify unused Java classes and methods.  Once identified, such things can be removed from the code, hopefully simplifying the system.][http://sourceforge.net/projects/classreach][/others/util/trunk/src/com/lts/xmlser/tags/NullTag.java] = 1
projectsWith[ClassReach][ClassReach is a utility to identify unused Java classes and methods.  Once identified, such things can be removed from the code, hopefully simplifying the system.][http://sourceforge.net/projects/classreach][/others/util/trunk/src/com/lts/xmlser/tags/ObjectTag.java] = 1
projectsWith[ClassReach][ClassReach is a utility to identify unused Java classes and methods.  Once identified, such things can be removed from the code, hopefully simplifying the system.][http://sourceforge.net/projects/classreach][/others/util/trunk/src/com/lts/xmlser/tags/PrimitiveTag.java] = 1
projectsWith[ClassReach][ClassReach is a utility to identify unused Java classes and methods.  Once identified, such things can be removed from the code, hopefully simplifying the system.][http://sourceforge.net/projects/classreach][/others/util/trunk/src/com/lts/xmlser/tags/ReferenceTag.java] = 1
projectsWith[ClassReach][ClassReach is a utility to identify unused Java classes and methods.  Once identified, such things can be removed from the code, hopefully simplifying the system.][http://sourceforge.net/projects/classreach][/others/util/trunk/src/com/lts/xmlser/tags/SimpleTag.java] = 1
projectsWith[ClassReach][ClassReach is a utility to identify unused Java classes and methods.  Once identified, such things can be removed from the code, hopefully simplifying the system.][http://sourceforge.net/projects/classreach][/others/util/trunk/src/com/lts/xmlser/tags/StringSerializedTag.java] = 1
projectsWith[ClassReach][ClassReach is a utility to identify unused Java classes and methods.  Once identified, such things can be removed from the code, hopefully simplifying the system.][http://sourceforge.net/projects/classreach][/others/util/trunk/src/com/lts/xmlser/tags/StringTag.java] = 1
projectsWith[ClassReach][ClassReach is a utility to identify unused Java classes and methods.  Once identified, such things can be removed from the code, hopefully simplifying the system.][http://sourceforge.net/projects/classreach][/others/util/trunk/src/com/lts/xmlser/test/TestXmlSerializer.java] = 1
projectsWith[ClassReach][ClassReach is a utility to identify unused Java classes and methods.  Once identified, such things can be removed from the code, hopefully simplifying the system.][http://sourceforge.net/projects/classreach][/trunk/classreach/src/com/lts/application/data/plugable/XmlStorageMethod.java] = 1
projectsWith[ClassReach][ClassReach is a utility to identify unused Java classes and methods.  Once identified, such things can be removed from the code, hopefully simplifying the system.][http://sourceforge.net/projects/classreach][/trunk/src/com/lts/application/data/plugable/XmlStorageMethod.java] = 1
projectsWith[Timelord][A tool for estimating and tracking time.][http://sourceforge.net/projects/timelord][/neobase/trunk/application/src/com/lts/application/repository/SimpleZipRepository.java] = 1
projectsWith[Timelord][A tool for estimating and tracking time.][http://sourceforge.net/projects/timelord][/neobase/trunk/util/src/com/lts/xmlser/XmlSerializer.java] = 1
projectsWith[Timelord][A tool for estimating and tracking time.][http://sourceforge.net/projects/timelord][/neobase/trunk/util/src/com/lts/xmlser/tags/ArrayTag.java] = 1
projectsWith[Timelord][A tool for estimating and tracking time.][http://sourceforge.net/projects/timelord][/neobase/trunk/util/src/com/lts/xmlser/tags/CollectionTag.java] = 1
projectsWith[Timelord][A tool for estimating and tracking time.][http://sourceforge.net/projects/timelord][/neobase/trunk/util/src/com/lts/xmlser/tags/DateTag.java] = 1
projectsWith[Timelord][A tool for estimating and tracking time.][http://sourceforge.net/projects/timelord][/neobase/trunk/util/src/com/lts/xmlser/tags/MapTag.java] = 1
projectsWith[Timelord][A tool for estimating and tracking time.][http://sourceforge.net/projects/timelord][/neobase/trunk/util/src/com/lts/xmlser/tags/NullTag.java] = 1
projectsWith[Timelord][A tool for estimating and tracking time.][http://sourceforge.net/projects/timelord][/neobase/trunk/util/src/com/lts/xmlser/tags/ObjectTag.java] = 1
projectsWith[Timelord][A tool for estimating and tracking time.][http://sourceforge.net/projects/timelord][/neobase/trunk/util/src/com/lts/xmlser/tags/PrimitiveTag.java] = 1
projectsWith[Timelord][A tool for estimating and tracking time.][http://sourceforge.net/projects/timelord][/neobase/trunk/util/src/com/lts/xmlser/tags/ReferenceTag.java] = 1
projectsWith[Timelord][A tool for estimating and tracking time.][http://sourceforge.net/projects/timelord][/neobase/trunk/util/src/com/lts/xmlser/tags/SimpleTag.java] = 1
projectsWith[Timelord][A tool for estimating and tracking time.][http://sourceforge.net/projects/timelord][/neobase/trunk/util/src/com/lts/xmlser/tags/StringSerializedTag.java] = 1
projectsWith[Timelord][A tool for estimating and tracking time.][http://sourceforge.net/projects/timelord][/neobase/trunk/util/src/com/lts/xmlser/tags/StringTag.java] = 1
projectsWith[Timelord][A tool for estimating and tracking time.][http://sourceforge.net/projects/timelord][/other/application/trunk/src/com/lts/application/data/AppDataHelper.java] = 1
projectsWith[Timelord][A tool for estimating and tracking time.][http://sourceforge.net/projects/timelord][/other/application/trunk/src/com/lts/application/repository/AppDataHelper.java] = 1
projectsWith[Timelord][A tool for estimating and tracking time.][http://sourceforge.net/projects/timelord][/other/application/trunk/src/com/lts/application/repository/DirectoryRepository.java] = 1
projectsWith[Timelord][A tool for estimating and tracking time.][http://sourceforge.net/projects/timelord][/other/application/trunk/src/com/lts/application/repository/SimpleZipRepository.java] = 1
projectsWith[Timelord][A tool for estimating and tracking time.][http://sourceforge.net/projects/timelord][/other/util/trunk/src/com/lts/application/data/AppDataHelper.java] = 1
projectsWith[Timelord][A tool for estimating and tracking time.][http://sourceforge.net/projects/timelord][/other/util/trunk/src/com/lts/application/data/plugable/XmlStorageMethod.java] = 1
projectsWith[Timelord][A tool for estimating and tracking time.][http://sourceforge.net/projects/timelord][/other/util/trunk/src/com/lts/application/repository/AppDataHelper.java] = 1
projectsWith[Timelord][A tool for estimating and tracking time.][http://sourceforge.net/projects/timelord][/other/util/trunk/src/com/lts/application/repository/DirectoryRepository.java] = 1
projectsWith[Timelord][A tool for estimating and tracking time.][http://sourceforge.net/projects/timelord][/other/util/trunk/src/com/lts/application/repository/SimpleZipRepository.java] = 1
projectsWith[Timelord][A tool for estimating and tracking time.][http://sourceforge.net/projects/timelord][/other/util/trunk/src/com/lts/compare/test/CompareSerialized.java] = 1
projectsWith[Timelord][A tool for estimating and tracking time.][http://sourceforge.net/projects/timelord][/other/util/trunk/src/com/lts/xmlser/XmlSerializer.java] = 1
projectsWith[Timelord][A tool for estimating and tracking time.][http://sourceforge.net/projects/timelord][/other/util/trunk/src/com/lts/xmlser/fixups/ArrayFixup.java] = 1
projectsWith[Timelord][A tool for estimating and tracking time.][http://sourceforge.net/projects/timelord][/other/util/trunk/src/com/lts/xmlser/fixups/CollectionFixup.java] = 1
projectsWith[Timelord][A tool for estimating and tracking time.][http://sourceforge.net/projects/timelord][/other/util/trunk/src/com/lts/xmlser/fixups/FieldFixup.java] = 1
projectsWith[Timelord][A tool for estimating and tracking time.][http://sourceforge.net/projects/timelord][/other/util/trunk/src/com/lts/xmlser/fixups/ReferenceFixup.java] = 1
projectsWith[Timelord][A tool for estimating and tracking time.][http://sourceforge.net/projects/timelord][/other/util/trunk/src/com/lts/xmlser/tags/ArrayTag.java] = 1
projectsWith[Timelord][A tool for estimating and tracking time.][http://sourceforge.net/projects/timelord][/other/util/trunk/src/com/lts/xmlser/tags/CollectionTag.java] = 1
projectsWith[Timelord][A tool for estimating and tracking time.][http://sourceforge.net/projects/timelord][/other/util/trunk/src/com/lts/xmlser/tags/DateTag.java] = 1
projectsWith[Timelord][A tool for estimating and tracking time.][http://sourceforge.net/projects/timelord][/other/util/trunk/src/com/lts/xmlser/tags/MapTag.java] = 1
projectsWith[Timelord][A tool for estimating and tracking time.][http://sourceforge.net/projects/timelord][/other/util/trunk/src/com/lts/xmlser/tags/NullTag.java] = 1
projectsWith[Timelord][A tool for estimating and tracking time.][http://sourceforge.net/projects/timelord][/other/util/trunk/src/com/lts/xmlser/tags/ObjectTag.java] = 1
projectsWith[Timelord][A tool for estimating and tracking time.][http://sourceforge.net/projects/timelord][/other/util/trunk/src/com/lts/xmlser/tags/PrimitiveTag.java] = 1
projectsWith[Timelord][A tool for estimating and tracking time.][http://sourceforge.net/projects/timelord][/other/util/trunk/src/com/lts/xmlser/tags/ReferenceTag.java] = 1
projectsWith[Timelord][A tool for estimating and tracking time.][http://sourceforge.net/projects/timelord][/other/util/trunk/src/com/lts/xmlser/tags/SimpleTag.java] = 1
projectsWith[Timelord][A tool for estimating and tracking time.][http://sourceforge.net/projects/timelord][/other/util/trunk/src/com/lts/xmlser/tags/StringSerializedTag.java] = 1
projectsWith[Timelord][A tool for estimating and tracking time.][http://sourceforge.net/projects/timelord][/other/util/trunk/src/com/lts/xmlser/tags/StringTag.java] = 1
projectsWith[Timelord][A tool for estimating and tracking time.][http://sourceforge.net/projects/timelord][/other/util/trunk/src/com/lts/xmlser/test/TestXmlSerializer.java] = 1
projectsWith[Timelord][A tool for estimating and tracking time.][http://sourceforge.net/projects/timelord][/sub/application/src/com/lts/application/data/AppDataHelper.java] = 1
projectsWith[Timelord][A tool for estimating and tracking time.][http://sourceforge.net/projects/timelord][/sub/application/src/com/lts/application/repository/AppDataHelper.java] = 1
projectsWith[Timelord][A tool for estimating and tracking time.][http://sourceforge.net/projects/timelord][/sub/application/src/com/lts/application/repository/SimpleZipRepository.java] = 1
projectsWith[Timelord][A tool for estimating and tracking time.][http://sourceforge.net/projects/timelord][/sub/util/src/com/lts/compare/test/CompareSerialized.java] = 1
projectsWith[Timelord][A tool for estimating and tracking time.][http://sourceforge.net/projects/timelord][/sub/util/src/com/lts/xmlser/XmlSerializer.java] = 1
projectsWith[Timelord][A tool for estimating and tracking time.][http://sourceforge.net/projects/timelord][/sub/util/src/com/lts/xmlser/fixups/ArrayFixup.java] = 1
projectsWith[Timelord][A tool for estimating and tracking time.][http://sourceforge.net/projects/timelord][/sub/util/src/com/lts/xmlser/fixups/CollectionFixup.java] = 1
projectsWith[Timelord][A tool for estimating and tracking time.][http://sourceforge.net/projects/timelord][/sub/util/src/com/lts/xmlser/fixups/FieldFixup.java] = 1
projectsWith[Timelord][A tool for estimating and tracking time.][http://sourceforge.net/projects/timelord][/sub/util/src/com/lts/xmlser/fixups/ReferenceFixup.java] = 1
projectsWith[Timelord][A tool for estimating and tracking time.][http://sourceforge.net/projects/timelord][/sub/util/src/com/lts/xmlser/tags/ArrayTag.java] = 1
projectsWith[Timelord][A tool for estimating and tracking time.][http://sourceforge.net/projects/timelord][/sub/util/src/com/lts/xmlser/tags/CollectionTag.java] = 1
projectsWith[Timelord][A tool for estimating and tracking time.][http://sourceforge.net/projects/timelord][/sub/util/src/com/lts/xmlser/tags/DateTag.java] = 1
projectsWith[Timelord][A tool for estimating and tracking time.][http://sourceforge.net/projects/timelord][/sub/util/src/com/lts/xmlser/tags/MapTag.java] = 1
projectsWith[Timelord][A tool for estimating and tracking time.][http://sourceforge.net/projects/timelord][/sub/util/src/com/lts/xmlser/tags/NullTag.java] = 1
projectsWith[Timelord][A tool for estimating and tracking time.][http://sourceforge.net/projects/timelord][/sub/util/src/com/lts/xmlser/tags/ObjectTag.java] = 1
projectsWith[Timelord][A tool for estimating and tracking time.][http://sourceforge.net/projects/timelord][/sub/util/src/com/lts/xmlser/tags/PrimitiveTag.java] = 1
projectsWith[Timelord][A tool for estimating and tracking time.][http://sourceforge.net/projects/timelord][/sub/util/src/com/lts/xmlser/tags/ReferenceTag.java] = 1
projectsWith[Timelord][A tool for estimating and tracking time.][http://sourceforge.net/projects/timelord][/sub/util/src/com/lts/xmlser/tags/SimpleTag.java] = 1
projectsWith[Timelord][A tool for estimating and tracking time.][http://sourceforge.net/projects/timelord][/sub/util/src/com/lts/xmlser/tags/StringSerializedTag.java] = 1
projectsWith[Timelord][A tool for estimating and tracking time.][http://sourceforge.net/projects/timelord][/sub/util/src/com/lts/xmlser/tags/StringTag.java] = 1
projectsWith[Timelord][A tool for estimating and tracking time.][http://sourceforge.net/projects/timelord][/sub/util/src/com/lts/xmlser/test/TestXmlSerializer.java] = 1
projectsWith[Timelord][A tool for estimating and tracking time.][http://sourceforge.net/projects/timelord][/sub/util/util/src/com/lts/application/repository/AppDataHelper.java] = 1
projectsWith[Timelord][A tool for estimating and tracking time.][http://sourceforge.net/projects/timelord][/sub/util/util/src/com/lts/application/repository/SimpleZipRepository.java] = 1
projectsWith[Timelord][A tool for estimating and tracking time.][http://sourceforge.net/projects/timelord][/sub/util/util/src/com/lts/compare/test/CompareSerialized.java] = 1
projectsWith[Timelord][A tool for estimating and tracking time.][http://sourceforge.net/projects/timelord][/sub/util/util/src/com/lts/xmlser/XmlSerializer.java] = 1
projectsWith[Timelord][A tool for estimating and tracking time.][http://sourceforge.net/projects/timelord][/sub/util/util/src/com/lts/xmlser/fixups/ArrayFixup.java] = 1
projectsWith[Timelord][A tool for estimating and tracking time.][http://sourceforge.net/projects/timelord][/sub/util/util/src/com/lts/xmlser/fixups/CollectionFixup.java] = 1
projectsWith[Timelord][A tool for estimating and tracking time.][http://sourceforge.net/projects/timelord][/sub/util/util/src/com/lts/xmlser/fixups/FieldFixup.java] = 1
projectsWith[Timelord][A tool for estimating and tracking time.][http://sourceforge.net/projects/timelord][/sub/util/util/src/com/lts/xmlser/fixups/ReferenceFixup.java] = 1
projectsWith[Timelord][A tool for estimating and tracking time.][http://sourceforge.net/projects/timelord][/sub/util/util/src/com/lts/xmlser/tags/ArrayTag.java] = 1
projectsWith[Timelord][A tool for estimating and tracking time.][http://sourceforge.net/projects/timelord][/sub/util/util/src/com/lts/xmlser/tags/CollectionTag.java] = 1
projectsWith[Timelord][A tool for estimating and tracking time.][http://sourceforge.net/projects/timelord][/sub/util/util/src/com/lts/xmlser/tags/DateTag.java] = 1
projectsWith[Timelord][A tool for estimating and tracking time.][http://sourceforge.net/projects/timelord][/sub/util/util/src/com/lts/xmlser/tags/MapTag.java] = 1
projectsWith[Timelord][A tool for estimating and tracking time.][http://sourceforge.net/projects/timelord][/sub/util/util/src/com/lts/xmlser/tags/NullTag.java] = 1
projectsWith[Timelord][A tool for estimating and tracking time.][http://sourceforge.net/projects/timelord][/sub/util/util/src/com/lts/xmlser/tags/ObjectTag.java] = 1
projectsWith[Timelord][A tool for estimating and tracking time.][http://sourceforge.net/projects/timelord][/sub/util/util/src/com/lts/xmlser/tags/PrimitiveTag.java] = 1
projectsWith[Timelord][A tool for estimating and tracking time.][http://sourceforge.net/projects/timelord][/sub/util/util/src/com/lts/xmlser/tags/ReferenceTag.java] = 1
projectsWith[Timelord][A tool for estimating and tracking time.][http://sourceforge.net/projects/timelord][/sub/util/util/src/com/lts/xmlser/tags/SimpleTag.java] = 1
projectsWith[Timelord][A tool for estimating and tracking time.][http://sourceforge.net/projects/timelord][/sub/util/util/src/com/lts/xmlser/tags/StringSerializedTag.java] = 1
projectsWith[Timelord][A tool for estimating and tracking time.][http://sourceforge.net/projects/timelord][/sub/util/util/src/com/lts/xmlser/tags/StringTag.java] = 1
projectsWith[Timelord][A tool for estimating and tracking time.][http://sourceforge.net/projects/timelord][/sub/util/util/src/com/lts/xmlser/test/TestXmlSerializer.java] = 1
projectsWith[Timelord][A tool for estimating and tracking time.][http://sourceforge.net/projects/timelord][/trunk/application/src/com/lts/application/repository/DirectoryRepository.java] = 1
