projectsWith[Abacaxi][A collaborative effort in Java][http://sourceforge.net/projects/abacaxi][/Kerberos/src/abacaxi/kerberos/ConnectedClient.java] = 1
projectsWith[Abacaxi][A collaborative effort in Java][http://sourceforge.net/projects/abacaxi][/Kerberos/src/abacaxi/kerberos/ConnectionHelper.java] = 1
projectsWith[Abacaxi][A collaborative effort in Java][http://sourceforge.net/projects/abacaxi][/Kerberos/src/abacaxi/kerberos/Kerberos.java] = 1
projectsWith[Abacaxi][A collaborative effort in Java][http://sourceforge.net/projects/abacaxi][/Kerberos/src/abacaxi/kerberos/KerberosClient.java] = 1
projectsWith[Abacaxi][A collaborative effort in Java][http://sourceforge.net/projects/abacaxi][/Kerberos/src/abacaxi/kerberos/KerberosServer.java] = 1
projectsWith[Abacaxi][A collaborative effort in Java][http://sourceforge.net/projects/abacaxi][/Kerberos/src/abacaxi/kerberos/QueueingListener.java] = 1
projectsWith[Abacaxi][A collaborative effort in Java][http://sourceforge.net/projects/abacaxi][/Kerberos/src/abacaxi/kerberos/client/ClientApplet.java] = 1
projectsWith[Abacaxi][A collaborative effort in Java][http://sourceforge.net/projects/abacaxi][/Kerberos/src/abacaxi/kerberos/client/ClientConnectThread.java] = 1
projectsWith[Abacaxi][A collaborative effort in Java][http://sourceforge.net/projects/abacaxi][/Kerberos/src/abacaxi/kerberos/client/ClientIOThread.java] = 1
projectsWith[Abacaxi][A collaborative effort in Java][http://sourceforge.net/projects/abacaxi][/Kerberos/src/abacaxi/kerberos/client/ClientMain.java] = 1
projectsWith[Abacaxi][A collaborative effort in Java][http://sourceforge.net/projects/abacaxi][/Kerberos/src/abacaxi/kerberos/client/ClientNetworkHost.java] = 1
projectsWith[Abacaxi][A collaborative effort in Java][http://sourceforge.net/projects/abacaxi][/Kerberos/src/abacaxi/kerberos/client/ClientNetworkListener.java] = 1
projectsWith[Abacaxi][A collaborative effort in Java][http://sourceforge.net/projects/abacaxi][/Kerberos/src/abacaxi/kerberos/client/ClientThread.java] = 1
projectsWith[Abacaxi][A collaborative effort in Java][http://sourceforge.net/projects/abacaxi][/Kerberos/src/abacaxi/kerberos/client/KerberosClient.java] = 1
projectsWith[Abacaxi][A collaborative effort in Java][http://sourceforge.net/projects/abacaxi][/Kerberos/src/abacaxi/kerberos/server/ConnectedClient.java] = 1
projectsWith[Abacaxi][A collaborative effort in Java][http://sourceforge.net/projects/abacaxi][/Kerberos/src/abacaxi/kerberos/server/KerberosServer.java] = 1
projectsWith[Abacaxi][A collaborative effort in Java][http://sourceforge.net/projects/abacaxi][/Kerberos/src/abacaxi/kerberos/server/ReceivedMessage.java] = 1
projectsWith[Abacaxi][A collaborative effort in Java][http://sourceforge.net/projects/abacaxi][/Kerberos/src/abacaxi/kerberos/server/ServerConnection.java] = 1
projectsWith[Abacaxi][A collaborative effort in Java][http://sourceforge.net/projects/abacaxi][/Kerberos/src/abacaxi/kerberos/server/ServerMain.java] = 1
projectsWith[Abacaxi][A collaborative effort in Java][http://sourceforge.net/projects/abacaxi][/Kerberos/src/abacaxi/kerberos/server/ServerNetworkHost.java] = 1
projectsWith[Abacaxi][A collaborative effort in Java][http://sourceforge.net/projects/abacaxi][/Kerberos/src/abacaxi/kerberos/server/ServerNetworkListener.java] = 1
projectsWith[Abacaxi][A collaborative effort in Java][http://sourceforge.net/projects/abacaxi][/Kerberos/src/abacaxi/kerberos/server/ServerNetworkThread.java] = 1
projectsWith[Abacaxi][A collaborative effort in Java][http://sourceforge.net/projects/abacaxi][/Kerberos/src/abacaxi/kerberos/server/ServerProcessingThread.java] = 1
projectsWith[Abacaxi][A collaborative effort in Java][http://sourceforge.net/projects/abacaxi][/Kerberos/src/abacaxi/kerberos/shared/GameMsg.java] = 1
projectsWith[Abacaxi][A collaborative effort in Java][http://sourceforge.net/projects/abacaxi][/Kerberos/src/abacaxi/kerberos/shared/INetworkHost.java] = 1
projectsWith[Abacaxi][A collaborative effort in Java][http://sourceforge.net/projects/abacaxi][/Kerberos/src/abacaxi/kerberos/shared/KryoRegistrar.java] = 1
projectsWith[Abacaxi][A collaborative effort in Java][http://sourceforge.net/projects/abacaxi][/Kerberos/src/abacaxi/kerberos/shared/NetMsg/EntityMsg.java] = 1
projectsWith[Abacaxi][A collaborative effort in Java][http://sourceforge.net/projects/abacaxi][/Kerberos/src/abacaxi/kerberos/shared/NetMsg/InputMsg.java] = 1
projectsWith[Abacaxi][A collaborative effort in Java][http://sourceforge.net/projects/abacaxi][/Kerberos/src/abacaxi/kerberos/shared/NetMsg/NetMsg.java] = 1
projectsWith[Abacaxi][A collaborative effort in Java][http://sourceforge.net/projects/abacaxi][/Kerberos/src/abacaxi/kerberos/shared/NetMsg/ReceivedMessage.java] = 1
projectsWith[Abacaxi][A collaborative effort in Java][http://sourceforge.net/projects/abacaxi][/Kerberos/src/abacaxi/kerberos/shared/NetMsg/StateMsg.java] = 1
projectsWith[Abacaxi][A collaborative effort in Java][http://sourceforge.net/projects/abacaxi][/Kerberos/src/abacaxi/kerberos/shared/NetMsg/WorldMsg.java] = 1
projectsWith[Abacaxi][A collaborative effort in Java][http://sourceforge.net/projects/abacaxi][/Kerberos/src/abacaxi/kerberos/shared/NetMsgReceiver.java] = 1
projectsWith[Abacaxi][A collaborative effort in Java][http://sourceforge.net/projects/abacaxi][/Kerberos/src/abacaxi/kerberos/shared/Network.java] = 1
projectsWith[Abacaxi][A collaborative effort in Java][http://sourceforge.net/projects/abacaxi][/Kerberos/src/abacaxi/kerberos/shared/NetworkListener.java] = 1
projectsWith[Abacaxi][A collaborative effort in Java][http://sourceforge.net/projects/abacaxi][/Kerberos/src/abacaxi/kerberos/shared/QueueingListener.java] = 1
projectsWith[Abacaxi][A collaborative effort in Java][http://sourceforge.net/projects/abacaxi][/Kerberos/src/abacaxi/kerberos/shared/ReceivedMessage.java] = 1
projectsWith[Abacaxi][A collaborative effort in Java][http://sourceforge.net/projects/abacaxi][/Kerberos/src/abacaxi/kerberos/shared/ReceivedMessageQueue.java] = 1
projectsWith[Abacaxi][A collaborative effort in Java][http://sourceforge.net/projects/abacaxi][/Kerberos/src/abacaxi/kerberos/shared/ReceivedNetMsg.java] = 1
projectsWith[Abacaxi][A collaborative effort in Java][http://sourceforge.net/projects/abacaxi][/Kerberos/src/abacaxi/kerberos/unused/GameMsg.java] = 1
projectsWith[Abacaxi][A collaborative effort in Java][http://sourceforge.net/projects/abacaxi][/Kerberos/src/abacaxi/kerberos/unused/KryoRegistrar.java] = 1
projectsWith[Abacaxi][A collaborative effort in Java][http://sourceforge.net/projects/abacaxi][/Kerberos/src/abacaxi/kerberostest/ClientLogic.java] = 1
projectsWith[Abacaxi][A collaborative effort in Java][http://sourceforge.net/projects/abacaxi][/Kerberos/src/abacaxi/kerberostest/ConnectedClient.java] = 1
projectsWith[Abacaxi][A collaborative effort in Java][http://sourceforge.net/projects/abacaxi][/Kerberos/src/abacaxi/kerberostest/LaunchServer.java] = 1
projectsWith[Abacaxi][A collaborative effort in Java][http://sourceforge.net/projects/abacaxi][/Kerberos/src/abacaxi/kerberostest/Shared.java] = 1
projectsWith[Abacaxi][A collaborative effort in Java][http://sourceforge.net/projects/abacaxi][/Kerberos/src/abacaxi/kerberostest/TestLayer.java] = 1
projectsWith[Abacaxi][A collaborative effort in Java][http://sourceforge.net/projects/abacaxi][/Kerberos/src/abacaxi/kerberostest/TestWorld.java] = 1
projectsWith[Abacaxi][A collaborative effort in Java][http://sourceforge.net/projects/abacaxi][/new/enetGame/src/abacaxi/enetgame/ClientIOThread.java] = 1
projectsWith[Abacaxi][A collaborative effort in Java][http://sourceforge.net/projects/abacaxi][/new/enetGame/src/abacaxi/enetgame/ClientMain.java] = 1
projectsWith[Abacaxi][A collaborative effort in Java][http://sourceforge.net/projects/abacaxi][/new/enetGame/src/abacaxi/enetgame/ClientNetworkListener.java] = 1
projectsWith[Abacaxi][A collaborative effort in Java][http://sourceforge.net/projects/abacaxi][/new/enetGame/src/abacaxi/enetgame/ClientNetworkThread.java] = 1
projectsWith[Abacaxi][A collaborative effort in Java][http://sourceforge.net/projects/abacaxi][/new/enetGame/src/abacaxi/enetgame/Network.java] = 1
projectsWith[Abacaxi][A collaborative effort in Java][http://sourceforge.net/projects/abacaxi][/new/enetGame/src/abacaxi/enetgame/ServerConnection.java] = 1
projectsWith[Abacaxi][A collaborative effort in Java][http://sourceforge.net/projects/abacaxi][/new/enetGame/src/abacaxi/enetgame/ServerNetworkListener.java] = 1
projectsWith[Abacaxi][A collaborative effort in Java][http://sourceforge.net/projects/abacaxi][/new/enetGame/src/abacaxi/enetgame/ServerNetworkThread.java] = 1
projectsWith[FreeLords][FreeLords is a turn-based-strategy game. Explore, occupy, produce armies in cities and kill your enemies.][http://sourceforge.net/projects/freelords][/branches/modular/src/org/freelords/main/FreelordsClientBuilder.java] = 1
projectsWith[FreeLords][FreeLords is a turn-based-strategy game. Explore, occupy, produce armies in cities and kill your enemies.][http://sourceforge.net/projects/freelords][/branches/modular/src/org/freelords/network/ChatClient.java] = 1
projectsWith[FreeLords][FreeLords is a turn-based-strategy game. Explore, occupy, produce armies in cities and kill your enemies.][http://sourceforge.net/projects/freelords][/branches/modular/src/org/freelords/network/ChatServer.java] = 1
projectsWith[FreeLords][FreeLords is a turn-based-strategy game. Explore, occupy, produce armies in cities and kill your enemies.][http://sourceforge.net/projects/freelords][/branches/modular/src/org/freelords/network/Network.java] = 1
projectsWith[FreeLords][FreeLords is a turn-based-strategy game. Explore, occupy, produce armies in cities and kill your enemies.][http://sourceforge.net/projects/freelords][/branches/modular/src/org/freelords/network/client/BaseClient.java] = 1
projectsWith[FreeLords][FreeLords is a turn-based-strategy game. Explore, occupy, produce armies in cities and kill your enemies.][http://sourceforge.net/projects/freelords][/branches/modular/src/org/freelords/network/client/ClientNetworkListener.java] = 1
projectsWith[FreeLords][FreeLords is a turn-based-strategy game. Explore, occupy, produce armies in cities and kill your enemies.][http://sourceforge.net/projects/freelords][/branches/modular/src/org/freelords/network/client/FLBaseClient.java] = 1
projectsWith[FreeLords][FreeLords is a turn-based-strategy game. Explore, occupy, produce armies in cities and kill your enemies.][http://sourceforge.net/projects/freelords][/branches/modular/src/org/freelords/network/client/FLNetworkClient.java] = 1
projectsWith[FreeLords][FreeLords is a turn-based-strategy game. Explore, occupy, produce armies in cities and kill your enemies.][http://sourceforge.net/projects/freelords][/branches/modular/src/org/freelords/network/client/FLNetworkClientListener.java] = 1
projectsWith[FreeLords][FreeLords is a turn-based-strategy game. Explore, occupy, produce armies in cities and kill your enemies.][http://sourceforge.net/projects/freelords][/branches/modular/src/org/freelords/network/common/FLClientConnection.java] = 1
projectsWith[FreeLords][FreeLords is a turn-based-strategy game. Explore, occupy, produce armies in cities and kill your enemies.][http://sourceforge.net/projects/freelords][/branches/modular/src/org/freelords/network/common/FLNetworkConnection.java] = 1
projectsWith[FreeLords][FreeLords is a turn-based-strategy game. Explore, occupy, produce armies in cities and kill your enemies.][http://sourceforge.net/projects/freelords][/branches/modular/src/org/freelords/network/commonobjects/ChatConnection.java] = 1
projectsWith[FreeLords][FreeLords is a turn-based-strategy game. Explore, occupy, produce armies in cities and kill your enemies.][http://sourceforge.net/projects/freelords][/branches/modular/src/org/freelords/network/server/BaseServer.java] = 1
projectsWith[FreeLords][FreeLords is a turn-based-strategy game. Explore, occupy, produce armies in cities and kill your enemies.][http://sourceforge.net/projects/freelords][/branches/modular/src/org/freelords/network/server/FLBaseServer.java] = 1
projectsWith[FreeLords][FreeLords is a turn-based-strategy game. Explore, occupy, produce armies in cities and kill your enemies.][http://sourceforge.net/projects/freelords][/branches/modular/src/org/freelords/network/server/FLNetworkServer.java] = 1
projectsWith[FreeLords][FreeLords is a turn-based-strategy game. Explore, occupy, produce armies in cities and kill your enemies.][http://sourceforge.net/projects/freelords][/branches/modular/src/org/freelords/network/server/FLNetworkServerListener.java] = 1
projectsWith[FreeLords][FreeLords is a turn-based-strategy game. Explore, occupy, produce armies in cities and kill your enemies.][http://sourceforge.net/projects/freelords][/branches/modular/src/org/freelords/network/server/ServerNetworkListener.java] = 1
projectsWith[FreeLords][FreeLords is a turn-based-strategy game. Explore, occupy, produce armies in cities and kill your enemies.][http://sourceforge.net/projects/freelords][/branches/modular/src/org/freelords/network/server/Updater.java] = 1
projectsWith[FreeLords][FreeLords is a turn-based-strategy game. Explore, occupy, produce armies in cities and kill your enemies.][http://sourceforge.net/projects/freelords][/branches/modular/src/org/freelords/networkexample/client/BaseClient.java] = 1
projectsWith[FreeLords][FreeLords is a turn-based-strategy game. Explore, occupy, produce armies in cities and kill your enemies.][http://sourceforge.net/projects/freelords][/branches/modular/src/org/freelords/networkexample/client/ClientNetworkListener.java] = 1
projectsWith[FreeLords][FreeLords is a turn-based-strategy game. Explore, occupy, produce armies in cities and kill your enemies.][http://sourceforge.net/projects/freelords][/branches/modular/src/org/freelords/networkexample/commonobjects/ChatConnection.java] = 1
projectsWith[FreeLords][FreeLords is a turn-based-strategy game. Explore, occupy, produce armies in cities and kill your enemies.][http://sourceforge.net/projects/freelords][/branches/modular/src/org/freelords/networkexample/server/BaseServer.java] = 1
projectsWith[FreeLords][FreeLords is a turn-based-strategy game. Explore, occupy, produce armies in cities and kill your enemies.][http://sourceforge.net/projects/freelords][/branches/modular/src/org/freelords/networkexample/server/ServerNetworkListener.java] = 1
projectsWith[FreeLords][FreeLords is a turn-based-strategy game. Explore, occupy, produce armies in cities and kill your enemies.][http://sourceforge.net/projects/freelords][/branches/modular/test/org/freelords/network/client/FLNetworkClientTest.java] = 1
projectsWith[FreeLords][FreeLords is a turn-based-strategy game. Explore, occupy, produce armies in cities and kill your enemies.][http://sourceforge.net/projects/freelords][/branches/modular/test/org/freelords/network/client/fake/FakeKryonetClient.java] = 1
projectsWith[FreeLords][FreeLords is a turn-based-strategy game. Explore, occupy, produce armies in cities and kill your enemies.][http://sourceforge.net/projects/freelords][/branches/modular/test/org/freelords/network/fake/FakeKryo.java] = 1
projectsWith[FreeLords][FreeLords is a turn-based-strategy game. Explore, occupy, produce armies in cities and kill your enemies.][http://sourceforge.net/projects/freelords][/branches/modular/test/org/freelords/network/fake/FakeReceiveListener.java] = 1
projectsWith[FreeLords][FreeLords is a turn-based-strategy game. Explore, occupy, produce armies in cities and kill your enemies.][http://sourceforge.net/projects/freelords][/branches/modular/test/org/freelords/network/server/FLNetworkServerIntegrationTest.java] = 1
projectsWith[FreeLords][FreeLords is a turn-based-strategy game. Explore, occupy, produce armies in cities and kill your enemies.][http://sourceforge.net/projects/freelords][/branches/modular/test/org/freelords/network/server/FLNetworkServerTest.java] = 1
projectsWith[FreeLords][FreeLords is a turn-based-strategy game. Explore, occupy, produce armies in cities and kill your enemies.][http://sourceforge.net/projects/freelords][/branches/modular/test/org/freelords/network/server/UpdaterTest.java] = 1
projectsWith[FreeLords][FreeLords is a turn-based-strategy game. Explore, occupy, produce armies in cities and kill your enemies.][http://sourceforge.net/projects/freelords][/branches/modular/test/org/freelords/network/server/fake/FakeKryo.java] = 1
projectsWith[FreeLords][FreeLords is a turn-based-strategy game. Explore, occupy, produce armies in cities and kill your enemies.][http://sourceforge.net/projects/freelords][/branches/modular/test/org/freelords/network/server/fake/FakeKryonetServer.java] = 1
projectsWith[FreeLords][FreeLords is a turn-based-strategy game. Explore, occupy, produce armies in cities and kill your enemies.][http://sourceforge.net/projects/freelords][/branches/modular/test/org/freelords/network/server/fake/FakeReceiveListener.java] = 1
projectsWith[FreeLords][FreeLords is a turn-based-strategy game. Explore, occupy, produce armies in cities and kill your enemies.][http://sourceforge.net/projects/freelords][/branches/modular/test/org/freelords/network/server/integrationtest/Client.java] = 1
projectsWith[FreeLords][FreeLords is a turn-based-strategy game. Explore, occupy, produce armies in cities and kill your enemies.][http://sourceforge.net/projects/freelords][/branches/modular/test/org/freelords/network/server/integrationtest/ClientBuilder.java] = 1
projectsWith[FreeLords][FreeLords is a turn-based-strategy game. Explore, occupy, produce armies in cities and kill your enemies.][http://sourceforge.net/projects/freelords][/branches/modular/test/org/freelords/network/server/integrationtest/IntegrationTestClient.java] = 1
projectsWith[FreeLords][FreeLords is a turn-based-strategy game. Explore, occupy, produce armies in cities and kill your enemies.][http://sourceforge.net/projects/freelords][/branches/modular/test/org/freelords/network/server/integrationtest/ServerListener.java] = 1
projectsWith[FreeLords][FreeLords is a turn-based-strategy game. Explore, occupy, produce armies in cities and kill your enemies.][http://sourceforge.net/projects/freelords][/trunk/src/org/freelords/main/FreelordsClientBuilder.java] = 1
projectsWith[FreeLords][FreeLords is a turn-based-strategy game. Explore, occupy, produce armies in cities and kill your enemies.][http://sourceforge.net/projects/freelords][/trunk/src/org/freelords/network/client/FLNetworkClient.java] = 1
projectsWith[FreeLords][FreeLords is a turn-based-strategy game. Explore, occupy, produce armies in cities and kill your enemies.][http://sourceforge.net/projects/freelords][/trunk/src/org/freelords/network/client/FLNetworkClientListener.java] = 1
projectsWith[FreeLords][FreeLords is a turn-based-strategy game. Explore, occupy, produce armies in cities and kill your enemies.][http://sourceforge.net/projects/freelords][/trunk/src/org/freelords/network/common/FLNetworkConnection.java] = 1
projectsWith[FreeLords][FreeLords is a turn-based-strategy game. Explore, occupy, produce armies in cities and kill your enemies.][http://sourceforge.net/projects/freelords][/trunk/src/org/freelords/network/server/FLBaseServer.java] = 1
projectsWith[FreeLords][FreeLords is a turn-based-strategy game. Explore, occupy, produce armies in cities and kill your enemies.][http://sourceforge.net/projects/freelords][/trunk/src/org/freelords/network/server/FLNetworkServer.java] = 1
projectsWith[FreeLords][FreeLords is a turn-based-strategy game. Explore, occupy, produce armies in cities and kill your enemies.][http://sourceforge.net/projects/freelords][/trunk/src/org/freelords/network/server/FLNetworkServerListener.java] = 1
projectsWith[FreeLords][FreeLords is a turn-based-strategy game. Explore, occupy, produce armies in cities and kill your enemies.][http://sourceforge.net/projects/freelords][/trunk/src/org/freelords/network/server/Updater.java] = 1
projectsWith[FreeLords][FreeLords is a turn-based-strategy game. Explore, occupy, produce armies in cities and kill your enemies.][http://sourceforge.net/projects/freelords][/trunk/test/org/freelords/gui/window/mains/GameBusListener.java] = 1
projectsWith[FreeLords][FreeLords is a turn-based-strategy game. Explore, occupy, produce armies in cities and kill your enemies.][http://sourceforge.net/projects/freelords][/trunk/test/org/freelords/gui/window/mains/TestConnectionDialog.java] = 1
projectsWith[FreeLords][FreeLords is a turn-based-strategy game. Explore, occupy, produce armies in cities and kill your enemies.][http://sourceforge.net/projects/freelords][/trunk/test/org/freelords/gui/window/mains/TestConnectionWindow.java] = 1
projectsWith[FreeLords][FreeLords is a turn-based-strategy game. Explore, occupy, produce armies in cities and kill your enemies.][http://sourceforge.net/projects/freelords][/trunk/test/org/freelords/gui/window/mains/TestLobbyWindow.java] = 1
projectsWith[FreeLords][FreeLords is a turn-based-strategy game. Explore, occupy, produce armies in cities and kill your enemies.][http://sourceforge.net/projects/freelords][/trunk/test/org/freelords/gui/window/mains/TestRoomDialog.java] = 1
projectsWith[FreeLords][FreeLords is a turn-based-strategy game. Explore, occupy, produce armies in cities and kill your enemies.][http://sourceforge.net/projects/freelords][/trunk/test/org/freelords/gui/window/mains/TestRoomWindow.java] = 1
projectsWith[FreeLords][FreeLords is a turn-based-strategy game. Explore, occupy, produce armies in cities and kill your enemies.][http://sourceforge.net/projects/freelords][/trunk/test/org/freelords/guitest/dialog/TestRoomDialog.java] = 1
projectsWith[FreeLords][FreeLords is a turn-based-strategy game. Explore, occupy, produce armies in cities and kill your enemies.][http://sourceforge.net/projects/freelords][/trunk/test/org/freelords/network/client/FLNetworkClientTest.java] = 1
projectsWith[FreeLords][FreeLords is a turn-based-strategy game. Explore, occupy, produce armies in cities and kill your enemies.][http://sourceforge.net/projects/freelords][/trunk/test/org/freelords/network/client/fake/FakeFLNetworkClient.java] = 1
projectsWith[FreeLords][FreeLords is a turn-based-strategy game. Explore, occupy, produce armies in cities and kill your enemies.][http://sourceforge.net/projects/freelords][/trunk/test/org/freelords/network/client/fake/FakeKryonetClient.java] = 1
projectsWith[FreeLords][FreeLords is a turn-based-strategy game. Explore, occupy, produce armies in cities and kill your enemies.][http://sourceforge.net/projects/freelords][/trunk/test/org/freelords/network/server/FLBaseServerTest.java] = 1
projectsWith[FreeLords][FreeLords is a turn-based-strategy game. Explore, occupy, produce armies in cities and kill your enemies.][http://sourceforge.net/projects/freelords][/trunk/test/org/freelords/network/server/FLNetworkServerTest.java] = 1
projectsWith[FreeLords][FreeLords is a turn-based-strategy game. Explore, occupy, produce armies in cities and kill your enemies.][http://sourceforge.net/projects/freelords][/trunk/test/org/freelords/network/server/UpdaterTest.java] = 1
projectsWith[FreeLords][FreeLords is a turn-based-strategy game. Explore, occupy, produce armies in cities and kill your enemies.][http://sourceforge.net/projects/freelords][/trunk/test/org/freelords/network/server/fake/FakeKryonetServer.java] = 1
projectsWith[Heritrix: Internet Archive Web Crawler][The archive-crawler project is building Heritrix: a flexible, extensible, robust, and scalable web crawler capable of fetching, archiving, and analyzing the full diversity and breadth of internet-accesible content.][http://sourceforge.net/projects/archive-crawler][/trunk/heritrix3/commons/src/main/java/org/archive/bdb/AutoKryo.java] = 1
projectsWith[Heritrix: Internet Archive Web Crawler][The archive-crawler project is building Heritrix: a flexible, extensible, robust, and scalable web crawler capable of fetching, archiving, and analyzing the full diversity and breadth of internet-accesible content.][http://sourceforge.net/projects/archive-crawler][/trunk/heritrix3/commons/src/main/java/org/archive/bdb/KryoBinding.java] = 1
projectsWith[Heritrix: Internet Archive Web Crawler][The archive-crawler project is building Heritrix: a flexible, extensible, robust, and scalable web crawler capable of fetching, archiving, and analyzing the full diversity and breadth of internet-accesible content.][http://sourceforge.net/projects/archive-crawler][/trunk/heritrix3/commons/src/main/java/org/archive/net/UURI.java] = 1
projectsWith[Heritrix: Internet Archive Web Crawler][The archive-crawler project is building Heritrix: a flexible, extensible, robust, and scalable web crawler capable of fetching, archiving, and analyzing the full diversity and breadth of internet-accesible content.][http://sourceforge.net/projects/archive-crawler][/trunk/heritrix3/modules/src/main/java/org/archive/modules/net/RobotsDirectives.java] = 1
projectsWith[MiniFlight][Simple flight simulator in java and lwjgl][http://sourceforge.net/projects/miniflight][/trunk/MiniFlight/src/com/esotericsoftware/kryo/Context.java] = 1
projectsWith[MiniFlight][Simple flight simulator in java and lwjgl][http://sourceforge.net/projects/miniflight][/trunk/MiniFlight/src/com/esotericsoftware/kryo/CustomSerialization.java] = 1
projectsWith[MiniFlight][Simple flight simulator in java and lwjgl][http://sourceforge.net/projects/miniflight][/trunk/MiniFlight/src/com/esotericsoftware/kryo/Kryo.java] = 1
projectsWith[MiniFlight][Simple flight simulator in java and lwjgl][http://sourceforge.net/projects/miniflight][/trunk/MiniFlight/src/com/esotericsoftware/kryo/NotNull.java] = 1
projectsWith[MiniFlight][Simple flight simulator in java and lwjgl][http://sourceforge.net/projects/miniflight][/trunk/MiniFlight/src/com/esotericsoftware/kryo/Optional.java] = 1
projectsWith[MiniFlight][Simple flight simulator in java and lwjgl][http://sourceforge.net/projects/miniflight][/trunk/MiniFlight/src/com/esotericsoftware/kryo/Serializer.java] = 1
projectsWith[MiniFlight][Simple flight simulator in java and lwjgl][http://sourceforge.net/projects/miniflight][/trunk/MiniFlight/src/com/esotericsoftware/kryo/compress/BlowfishCompressor.java] = 1
projectsWith[MiniFlight][Simple flight simulator in java and lwjgl][http://sourceforge.net/projects/miniflight][/trunk/MiniFlight/src/com/esotericsoftware/kryo/compress/ByteArrayCompressor.java] = 1
projectsWith[MiniFlight][Simple flight simulator in java and lwjgl][http://sourceforge.net/projects/miniflight][/trunk/MiniFlight/src/com/esotericsoftware/kryo/compress/DeflateCompressor.java] = 1
projectsWith[MiniFlight][Simple flight simulator in java and lwjgl][http://sourceforge.net/projects/miniflight][/trunk/MiniFlight/src/com/esotericsoftware/kryo/compress/Delta.java] = 1
projectsWith[MiniFlight][Simple flight simulator in java and lwjgl][http://sourceforge.net/projects/miniflight][/trunk/MiniFlight/src/com/esotericsoftware/kryo/compress/DeltaCompressor.java] = 1
projectsWith[MiniFlight][Simple flight simulator in java and lwjgl][http://sourceforge.net/projects/miniflight][/trunk/MiniFlight/src/com/esotericsoftware/kryo/compress/StreamCompressor.java] = 1
projectsWith[MiniFlight][Simple flight simulator in java and lwjgl][http://sourceforge.net/projects/miniflight][/trunk/MiniFlight/src/com/esotericsoftware/kryo/serialize/ArraySerializer.java] = 1
projectsWith[MiniFlight][Simple flight simulator in java and lwjgl][http://sourceforge.net/projects/miniflight][/trunk/MiniFlight/src/com/esotericsoftware/kryo/serialize/BeanSerializer.java] = 1
projectsWith[MiniFlight][Simple flight simulator in java and lwjgl][http://sourceforge.net/projects/miniflight][/trunk/MiniFlight/src/com/esotericsoftware/kryo/serialize/BigDecimalSerializer.java] = 1
projectsWith[MiniFlight][Simple flight simulator in java and lwjgl][http://sourceforge.net/projects/miniflight][/trunk/MiniFlight/src/com/esotericsoftware/kryo/serialize/BigIntegerSerializer.java] = 1
projectsWith[MiniFlight][Simple flight simulator in java and lwjgl][http://sourceforge.net/projects/miniflight][/trunk/MiniFlight/src/com/esotericsoftware/kryo/serialize/BooleanSerializer.java] = 1
projectsWith[MiniFlight][Simple flight simulator in java and lwjgl][http://sourceforge.net/projects/miniflight][/trunk/MiniFlight/src/com/esotericsoftware/kryo/serialize/ByteSerializer.java] = 1
projectsWith[MiniFlight][Simple flight simulator in java and lwjgl][http://sourceforge.net/projects/miniflight][/trunk/MiniFlight/src/com/esotericsoftware/kryo/serialize/CharSerializer.java] = 1
projectsWith[MiniFlight][Simple flight simulator in java and lwjgl][http://sourceforge.net/projects/miniflight][/trunk/MiniFlight/src/com/esotericsoftware/kryo/serialize/ClassSerializer.java] = 1
projectsWith[MiniFlight][Simple flight simulator in java and lwjgl][http://sourceforge.net/projects/miniflight][/trunk/MiniFlight/src/com/esotericsoftware/kryo/serialize/CollectionSerializer.java] = 1
projectsWith[MiniFlight][Simple flight simulator in java and lwjgl][http://sourceforge.net/projects/miniflight][/trunk/MiniFlight/src/com/esotericsoftware/kryo/serialize/CompatibleFieldSerializer.java] = 1
projectsWith[MiniFlight][Simple flight simulator in java and lwjgl][http://sourceforge.net/projects/miniflight][/trunk/MiniFlight/src/com/esotericsoftware/kryo/serialize/CustomSerializer.java] = 1
projectsWith[MiniFlight][Simple flight simulator in java and lwjgl][http://sourceforge.net/projects/miniflight][/trunk/MiniFlight/src/com/esotericsoftware/kryo/serialize/DateSerializer.java] = 1
projectsWith[MiniFlight][Simple flight simulator in java and lwjgl][http://sourceforge.net/projects/miniflight][/trunk/MiniFlight/src/com/esotericsoftware/kryo/serialize/DoubleSerializer.java] = 1
projectsWith[MiniFlight][Simple flight simulator in java and lwjgl][http://sourceforge.net/projects/miniflight][/trunk/MiniFlight/src/com/esotericsoftware/kryo/serialize/EnumSerializer.java] = 1
projectsWith[MiniFlight][Simple flight simulator in java and lwjgl][http://sourceforge.net/projects/miniflight][/trunk/MiniFlight/src/com/esotericsoftware/kryo/serialize/FieldSerializer.java] = 1
projectsWith[MiniFlight][Simple flight simulator in java and lwjgl][http://sourceforge.net/projects/miniflight][/trunk/MiniFlight/src/com/esotericsoftware/kryo/serialize/FloatSerializer.java] = 1
projectsWith[MiniFlight][Simple flight simulator in java and lwjgl][http://sourceforge.net/projects/miniflight][/trunk/MiniFlight/src/com/esotericsoftware/kryo/serialize/IntSerializer.java] = 1
projectsWith[MiniFlight][Simple flight simulator in java and lwjgl][http://sourceforge.net/projects/miniflight][/trunk/MiniFlight/src/com/esotericsoftware/kryo/serialize/LongSerializer.java] = 1
projectsWith[MiniFlight][Simple flight simulator in java and lwjgl][http://sourceforge.net/projects/miniflight][/trunk/MiniFlight/src/com/esotericsoftware/kryo/serialize/MapSerializer.java] = 1
projectsWith[MiniFlight][Simple flight simulator in java and lwjgl][http://sourceforge.net/projects/miniflight][/trunk/MiniFlight/src/com/esotericsoftware/kryo/serialize/ReferenceFieldSerializer.java] = 1
projectsWith[MiniFlight][Simple flight simulator in java and lwjgl][http://sourceforge.net/projects/miniflight][/trunk/MiniFlight/src/com/esotericsoftware/kryo/serialize/SerializableSerializer.java] = 1
projectsWith[MiniFlight][Simple flight simulator in java and lwjgl][http://sourceforge.net/projects/miniflight][/trunk/MiniFlight/src/com/esotericsoftware/kryo/serialize/ShortSerializer.java] = 1
projectsWith[MiniFlight][Simple flight simulator in java and lwjgl][http://sourceforge.net/projects/miniflight][/trunk/MiniFlight/src/com/esotericsoftware/kryo/serialize/SimpleSerializer.java] = 1
projectsWith[MiniFlight][Simple flight simulator in java and lwjgl][http://sourceforge.net/projects/miniflight][/trunk/MiniFlight/src/com/esotericsoftware/kryo/serialize/StringSerializer.java] = 1
projectsWith[MiniFlight][Simple flight simulator in java and lwjgl][http://sourceforge.net/projects/miniflight][/trunk/MiniFlight/src/com/esotericsoftware/kryonet/Client.java] = 1
projectsWith[MiniFlight][Simple flight simulator in java and lwjgl][http://sourceforge.net/projects/miniflight][/trunk/MiniFlight/src/com/esotericsoftware/kryonet/Connection.java] = 1
projectsWith[MiniFlight][Simple flight simulator in java and lwjgl][http://sourceforge.net/projects/miniflight][/trunk/MiniFlight/src/com/esotericsoftware/kryonet/EndPoint.java] = 1
projectsWith[MiniFlight][Simple flight simulator in java and lwjgl][http://sourceforge.net/projects/miniflight][/trunk/MiniFlight/src/com/esotericsoftware/kryonet/Server.java] = 1
projectsWith[MiniFlight][Simple flight simulator in java and lwjgl][http://sourceforge.net/projects/miniflight][/trunk/MiniFlight/src/com/esotericsoftware/kryonet/TcpConnection.java] = 1
projectsWith[MiniFlight][Simple flight simulator in java and lwjgl][http://sourceforge.net/projects/miniflight][/trunk/MiniFlight/src/com/esotericsoftware/kryonet/UdpConnection.java] = 1
projectsWith[MiniFlight][Simple flight simulator in java and lwjgl][http://sourceforge.net/projects/miniflight][/trunk/MiniFlight/src/com/esotericsoftware/kryonet/rmi/ObjectSpace.java] = 1
projectsWith[MiniFlight][Simple flight simulator in java and lwjgl][http://sourceforge.net/projects/miniflight][/trunk/MiniFlight/src/gml/net/GmlNetChannel.java] = 1
projectsWith[MiniFlight][Simple flight simulator in java and lwjgl][http://sourceforge.net/projects/miniflight][/trunk/MiniFlight/src/gml/net/GmlNetwork.java] = 1
projectsWith[MiniFlight][Simple flight simulator in java and lwjgl][http://sourceforge.net/projects/miniflight][/trunk/MiniFlight/src/gml/net/GmlServer.java] = 1
projectsWith[MiniFlight][Simple flight simulator in java and lwjgl][http://sourceforge.net/projects/miniflight][/trunk/dist/src/com/esotericsoftware/kryo/Context.java] = 1
projectsWith[MiniFlight][Simple flight simulator in java and lwjgl][http://sourceforge.net/projects/miniflight][/trunk/dist/src/com/esotericsoftware/kryo/CustomSerialization.java] = 1
projectsWith[MiniFlight][Simple flight simulator in java and lwjgl][http://sourceforge.net/projects/miniflight][/trunk/dist/src/com/esotericsoftware/kryo/Kryo.java] = 1
projectsWith[MiniFlight][Simple flight simulator in java and lwjgl][http://sourceforge.net/projects/miniflight][/trunk/dist/src/com/esotericsoftware/kryo/NotNull.java] = 1
projectsWith[MiniFlight][Simple flight simulator in java and lwjgl][http://sourceforge.net/projects/miniflight][/trunk/dist/src/com/esotericsoftware/kryo/Optional.java] = 1
projectsWith[MiniFlight][Simple flight simulator in java and lwjgl][http://sourceforge.net/projects/miniflight][/trunk/dist/src/com/esotericsoftware/kryo/Serializer.java] = 1
projectsWith[MiniFlight][Simple flight simulator in java and lwjgl][http://sourceforge.net/projects/miniflight][/trunk/dist/src/com/esotericsoftware/kryo/compress/BlowfishCompressor.java] = 1
projectsWith[MiniFlight][Simple flight simulator in java and lwjgl][http://sourceforge.net/projects/miniflight][/trunk/dist/src/com/esotericsoftware/kryo/compress/ByteArrayCompressor.java] = 1
projectsWith[MiniFlight][Simple flight simulator in java and lwjgl][http://sourceforge.net/projects/miniflight][/trunk/dist/src/com/esotericsoftware/kryo/compress/DeflateCompressor.java] = 1
projectsWith[MiniFlight][Simple flight simulator in java and lwjgl][http://sourceforge.net/projects/miniflight][/trunk/dist/src/com/esotericsoftware/kryo/compress/Delta.java] = 1
projectsWith[MiniFlight][Simple flight simulator in java and lwjgl][http://sourceforge.net/projects/miniflight][/trunk/dist/src/com/esotericsoftware/kryo/compress/DeltaCompressor.java] = 1
projectsWith[MiniFlight][Simple flight simulator in java and lwjgl][http://sourceforge.net/projects/miniflight][/trunk/dist/src/com/esotericsoftware/kryo/compress/StreamCompressor.java] = 1
projectsWith[MiniFlight][Simple flight simulator in java and lwjgl][http://sourceforge.net/projects/miniflight][/trunk/dist/src/com/esotericsoftware/kryo/serialize/ArraySerializer.java] = 1
projectsWith[MiniFlight][Simple flight simulator in java and lwjgl][http://sourceforge.net/projects/miniflight][/trunk/dist/src/com/esotericsoftware/kryo/serialize/BeanSerializer.java] = 1
projectsWith[MiniFlight][Simple flight simulator in java and lwjgl][http://sourceforge.net/projects/miniflight][/trunk/dist/src/com/esotericsoftware/kryo/serialize/BigDecimalSerializer.java] = 1
projectsWith[MiniFlight][Simple flight simulator in java and lwjgl][http://sourceforge.net/projects/miniflight][/trunk/dist/src/com/esotericsoftware/kryo/serialize/BigIntegerSerializer.java] = 1
projectsWith[MiniFlight][Simple flight simulator in java and lwjgl][http://sourceforge.net/projects/miniflight][/trunk/dist/src/com/esotericsoftware/kryo/serialize/BooleanSerializer.java] = 1
projectsWith[MiniFlight][Simple flight simulator in java and lwjgl][http://sourceforge.net/projects/miniflight][/trunk/dist/src/com/esotericsoftware/kryo/serialize/ByteSerializer.java] = 1
projectsWith[MiniFlight][Simple flight simulator in java and lwjgl][http://sourceforge.net/projects/miniflight][/trunk/dist/src/com/esotericsoftware/kryo/serialize/CharSerializer.java] = 1
projectsWith[MiniFlight][Simple flight simulator in java and lwjgl][http://sourceforge.net/projects/miniflight][/trunk/dist/src/com/esotericsoftware/kryo/serialize/ClassSerializer.java] = 1
projectsWith[MiniFlight][Simple flight simulator in java and lwjgl][http://sourceforge.net/projects/miniflight][/trunk/dist/src/com/esotericsoftware/kryo/serialize/CollectionSerializer.java] = 1
projectsWith[MiniFlight][Simple flight simulator in java and lwjgl][http://sourceforge.net/projects/miniflight][/trunk/dist/src/com/esotericsoftware/kryo/serialize/CompatibleFieldSerializer.java] = 1
projectsWith[MiniFlight][Simple flight simulator in java and lwjgl][http://sourceforge.net/projects/miniflight][/trunk/dist/src/com/esotericsoftware/kryo/serialize/CustomSerializer.java] = 1
projectsWith[MiniFlight][Simple flight simulator in java and lwjgl][http://sourceforge.net/projects/miniflight][/trunk/dist/src/com/esotericsoftware/kryo/serialize/DateSerializer.java] = 1
projectsWith[MiniFlight][Simple flight simulator in java and lwjgl][http://sourceforge.net/projects/miniflight][/trunk/dist/src/com/esotericsoftware/kryo/serialize/DoubleSerializer.java] = 1
projectsWith[MiniFlight][Simple flight simulator in java and lwjgl][http://sourceforge.net/projects/miniflight][/trunk/dist/src/com/esotericsoftware/kryo/serialize/EnumSerializer.java] = 1
projectsWith[MiniFlight][Simple flight simulator in java and lwjgl][http://sourceforge.net/projects/miniflight][/trunk/dist/src/com/esotericsoftware/kryo/serialize/FieldSerializer.java] = 1
projectsWith[MiniFlight][Simple flight simulator in java and lwjgl][http://sourceforge.net/projects/miniflight][/trunk/dist/src/com/esotericsoftware/kryo/serialize/FloatSerializer.java] = 1
projectsWith[MiniFlight][Simple flight simulator in java and lwjgl][http://sourceforge.net/projects/miniflight][/trunk/dist/src/com/esotericsoftware/kryo/serialize/IntSerializer.java] = 1
projectsWith[MiniFlight][Simple flight simulator in java and lwjgl][http://sourceforge.net/projects/miniflight][/trunk/dist/src/com/esotericsoftware/kryo/serialize/LongSerializer.java] = 1
projectsWith[MiniFlight][Simple flight simulator in java and lwjgl][http://sourceforge.net/projects/miniflight][/trunk/dist/src/com/esotericsoftware/kryo/serialize/MapSerializer.java] = 1
projectsWith[MiniFlight][Simple flight simulator in java and lwjgl][http://sourceforge.net/projects/miniflight][/trunk/dist/src/com/esotericsoftware/kryo/serialize/ReferenceFieldSerializer.java] = 1
projectsWith[MiniFlight][Simple flight simulator in java and lwjgl][http://sourceforge.net/projects/miniflight][/trunk/dist/src/com/esotericsoftware/kryo/serialize/SerializableSerializer.java] = 1
projectsWith[MiniFlight][Simple flight simulator in java and lwjgl][http://sourceforge.net/projects/miniflight][/trunk/dist/src/com/esotericsoftware/kryo/serialize/ShortSerializer.java] = 1
projectsWith[MiniFlight][Simple flight simulator in java and lwjgl][http://sourceforge.net/projects/miniflight][/trunk/dist/src/com/esotericsoftware/kryo/serialize/SimpleSerializer.java] = 1
projectsWith[MiniFlight][Simple flight simulator in java and lwjgl][http://sourceforge.net/projects/miniflight][/trunk/dist/src/com/esotericsoftware/kryo/serialize/StringSerializer.java] = 1
projectsWith[MiniFlight][Simple flight simulator in java and lwjgl][http://sourceforge.net/projects/miniflight][/trunk/dist/src/com/esotericsoftware/kryonet/Client.java] = 1
projectsWith[MiniFlight][Simple flight simulator in java and lwjgl][http://sourceforge.net/projects/miniflight][/trunk/dist/src/com/esotericsoftware/kryonet/Connection.java] = 1
projectsWith[MiniFlight][Simple flight simulator in java and lwjgl][http://sourceforge.net/projects/miniflight][/trunk/dist/src/com/esotericsoftware/kryonet/EndPoint.java] = 1
projectsWith[MiniFlight][Simple flight simulator in java and lwjgl][http://sourceforge.net/projects/miniflight][/trunk/dist/src/com/esotericsoftware/kryonet/Server.java] = 1
projectsWith[MiniFlight][Simple flight simulator in java and lwjgl][http://sourceforge.net/projects/miniflight][/trunk/dist/src/com/esotericsoftware/kryonet/TcpConnection.java] = 1
projectsWith[MiniFlight][Simple flight simulator in java and lwjgl][http://sourceforge.net/projects/miniflight][/trunk/dist/src/com/esotericsoftware/kryonet/UdpConnection.java] = 1
projectsWith[MiniFlight][Simple flight simulator in java and lwjgl][http://sourceforge.net/projects/miniflight][/trunk/dist/src/com/esotericsoftware/kryonet/rmi/ObjectSpace.java] = 1
projectsWith[MiniFlight][Simple flight simulator in java and lwjgl][http://sourceforge.net/projects/miniflight][/trunk/src/com/esotericsoftware/kryo/Context.java] = 1
projectsWith[MiniFlight][Simple flight simulator in java and lwjgl][http://sourceforge.net/projects/miniflight][/trunk/src/com/esotericsoftware/kryo/CustomSerialization.java] = 1
projectsWith[MiniFlight][Simple flight simulator in java and lwjgl][http://sourceforge.net/projects/miniflight][/trunk/src/com/esotericsoftware/kryo/Kryo.java] = 1
projectsWith[MiniFlight][Simple flight simulator in java and lwjgl][http://sourceforge.net/projects/miniflight][/trunk/src/com/esotericsoftware/kryo/NotNull.java] = 1
projectsWith[MiniFlight][Simple flight simulator in java and lwjgl][http://sourceforge.net/projects/miniflight][/trunk/src/com/esotericsoftware/kryo/Optional.java] = 1
projectsWith[MiniFlight][Simple flight simulator in java and lwjgl][http://sourceforge.net/projects/miniflight][/trunk/src/com/esotericsoftware/kryo/Serializer.java] = 1
projectsWith[MiniFlight][Simple flight simulator in java and lwjgl][http://sourceforge.net/projects/miniflight][/trunk/src/com/esotericsoftware/kryo/compress/BlowfishCompressor.java] = 1
projectsWith[MiniFlight][Simple flight simulator in java and lwjgl][http://sourceforge.net/projects/miniflight][/trunk/src/com/esotericsoftware/kryo/compress/ByteArrayCompressor.java] = 1
projectsWith[MiniFlight][Simple flight simulator in java and lwjgl][http://sourceforge.net/projects/miniflight][/trunk/src/com/esotericsoftware/kryo/compress/DeflateCompressor.java] = 1
projectsWith[MiniFlight][Simple flight simulator in java and lwjgl][http://sourceforge.net/projects/miniflight][/trunk/src/com/esotericsoftware/kryo/compress/Delta.java] = 1
projectsWith[MiniFlight][Simple flight simulator in java and lwjgl][http://sourceforge.net/projects/miniflight][/trunk/src/com/esotericsoftware/kryo/compress/DeltaCompressor.java] = 1
projectsWith[MiniFlight][Simple flight simulator in java and lwjgl][http://sourceforge.net/projects/miniflight][/trunk/src/com/esotericsoftware/kryo/compress/StreamCompressor.java] = 1
projectsWith[MiniFlight][Simple flight simulator in java and lwjgl][http://sourceforge.net/projects/miniflight][/trunk/src/com/esotericsoftware/kryo/serialize/ArraySerializer.java] = 1
projectsWith[MiniFlight][Simple flight simulator in java and lwjgl][http://sourceforge.net/projects/miniflight][/trunk/src/com/esotericsoftware/kryo/serialize/BeanSerializer.java] = 1
projectsWith[MiniFlight][Simple flight simulator in java and lwjgl][http://sourceforge.net/projects/miniflight][/trunk/src/com/esotericsoftware/kryo/serialize/BigDecimalSerializer.java] = 1
projectsWith[MiniFlight][Simple flight simulator in java and lwjgl][http://sourceforge.net/projects/miniflight][/trunk/src/com/esotericsoftware/kryo/serialize/BigIntegerSerializer.java] = 1
projectsWith[MiniFlight][Simple flight simulator in java and lwjgl][http://sourceforge.net/projects/miniflight][/trunk/src/com/esotericsoftware/kryo/serialize/BooleanSerializer.java] = 1
projectsWith[MiniFlight][Simple flight simulator in java and lwjgl][http://sourceforge.net/projects/miniflight][/trunk/src/com/esotericsoftware/kryo/serialize/ByteSerializer.java] = 1
projectsWith[MiniFlight][Simple flight simulator in java and lwjgl][http://sourceforge.net/projects/miniflight][/trunk/src/com/esotericsoftware/kryo/serialize/CharSerializer.java] = 1
projectsWith[MiniFlight][Simple flight simulator in java and lwjgl][http://sourceforge.net/projects/miniflight][/trunk/src/com/esotericsoftware/kryo/serialize/ClassSerializer.java] = 1
projectsWith[MiniFlight][Simple flight simulator in java and lwjgl][http://sourceforge.net/projects/miniflight][/trunk/src/com/esotericsoftware/kryo/serialize/CollectionSerializer.java] = 1
projectsWith[MiniFlight][Simple flight simulator in java and lwjgl][http://sourceforge.net/projects/miniflight][/trunk/src/com/esotericsoftware/kryo/serialize/CompatibleFieldSerializer.java] = 1
projectsWith[MiniFlight][Simple flight simulator in java and lwjgl][http://sourceforge.net/projects/miniflight][/trunk/src/com/esotericsoftware/kryo/serialize/CustomSerializer.java] = 1
projectsWith[MiniFlight][Simple flight simulator in java and lwjgl][http://sourceforge.net/projects/miniflight][/trunk/src/com/esotericsoftware/kryo/serialize/DateSerializer.java] = 1
projectsWith[MiniFlight][Simple flight simulator in java and lwjgl][http://sourceforge.net/projects/miniflight][/trunk/src/com/esotericsoftware/kryo/serialize/DoubleSerializer.java] = 1
projectsWith[MiniFlight][Simple flight simulator in java and lwjgl][http://sourceforge.net/projects/miniflight][/trunk/src/com/esotericsoftware/kryo/serialize/EnumSerializer.java] = 1
projectsWith[MiniFlight][Simple flight simulator in java and lwjgl][http://sourceforge.net/projects/miniflight][/trunk/src/com/esotericsoftware/kryo/serialize/FieldSerializer.java] = 1
projectsWith[MiniFlight][Simple flight simulator in java and lwjgl][http://sourceforge.net/projects/miniflight][/trunk/src/com/esotericsoftware/kryo/serialize/FloatSerializer.java] = 1
projectsWith[MiniFlight][Simple flight simulator in java and lwjgl][http://sourceforge.net/projects/miniflight][/trunk/src/com/esotericsoftware/kryo/serialize/IntSerializer.java] = 1
projectsWith[MiniFlight][Simple flight simulator in java and lwjgl][http://sourceforge.net/projects/miniflight][/trunk/src/com/esotericsoftware/kryo/serialize/LongSerializer.java] = 1
projectsWith[MiniFlight][Simple flight simulator in java and lwjgl][http://sourceforge.net/projects/miniflight][/trunk/src/com/esotericsoftware/kryo/serialize/MapSerializer.java] = 1
projectsWith[MiniFlight][Simple flight simulator in java and lwjgl][http://sourceforge.net/projects/miniflight][/trunk/src/com/esotericsoftware/kryo/serialize/ReferenceFieldSerializer.java] = 1
projectsWith[MiniFlight][Simple flight simulator in java and lwjgl][http://sourceforge.net/projects/miniflight][/trunk/src/com/esotericsoftware/kryo/serialize/SerializableSerializer.java] = 1
projectsWith[MiniFlight][Simple flight simulator in java and lwjgl][http://sourceforge.net/projects/miniflight][/trunk/src/com/esotericsoftware/kryo/serialize/ShortSerializer.java] = 1
projectsWith[MiniFlight][Simple flight simulator in java and lwjgl][http://sourceforge.net/projects/miniflight][/trunk/src/com/esotericsoftware/kryo/serialize/SimpleSerializer.java] = 1
projectsWith[MiniFlight][Simple flight simulator in java and lwjgl][http://sourceforge.net/projects/miniflight][/trunk/src/com/esotericsoftware/kryo/serialize/StringSerializer.java] = 1
projectsWith[MiniFlight][Simple flight simulator in java and lwjgl][http://sourceforge.net/projects/miniflight][/trunk/src/com/esotericsoftware/kryonet/Client.java] = 1
projectsWith[MiniFlight][Simple flight simulator in java and lwjgl][http://sourceforge.net/projects/miniflight][/trunk/src/com/esotericsoftware/kryonet/Connection.java] = 1
projectsWith[MiniFlight][Simple flight simulator in java and lwjgl][http://sourceforge.net/projects/miniflight][/trunk/src/com/esotericsoftware/kryonet/EndPoint.java] = 1
projectsWith[MiniFlight][Simple flight simulator in java and lwjgl][http://sourceforge.net/projects/miniflight][/trunk/src/com/esotericsoftware/kryonet/Server.java] = 1
projectsWith[MiniFlight][Simple flight simulator in java and lwjgl][http://sourceforge.net/projects/miniflight][/trunk/src/com/esotericsoftware/kryonet/TcpConnection.java] = 1
projectsWith[MiniFlight][Simple flight simulator in java and lwjgl][http://sourceforge.net/projects/miniflight][/trunk/src/com/esotericsoftware/kryonet/UdpConnection.java] = 1
projectsWith[MiniFlight][Simple flight simulator in java and lwjgl][http://sourceforge.net/projects/miniflight][/trunk/src/com/esotericsoftware/kryonet/rmi/ObjectSpace.java] = 1
projectsWith[MiniFlight][Simple flight simulator in java and lwjgl][http://sourceforge.net/projects/miniflight][/trunk/src/gml/net/GmlNetChannel.java] = 1
projectsWith[MiniFlight][Simple flight simulator in java and lwjgl][http://sourceforge.net/projects/miniflight][/trunk/src/gml/net/GmlNetwork.java] = 1
projectsWith[MiniFlight][Simple flight simulator in java and lwjgl][http://sourceforge.net/projects/miniflight][/trunk/src/gml/net/GmlServer.java] = 1
projectsWith[StreamScale][StreamScale is a Java based Data Stream Processing System.][http://sourceforge.net/projects/streamscale][/trunk/SSR/src/org/streamscale/ssr/TcpInputListener.java] = 1
projectsWith[StreamScale][StreamScale is a Java based Data Stream Processing System.][http://sourceforge.net/projects/streamscale][/trunk/SSR/src/org/streamscale/ssr/TcpOutputPort.java] = 1
projectsWith[aTunes][aTunes is a powerful, full-featured, cross-platform player and manager, with audio cd rip frontend. Currently supported formats are mp3, ogg, wav, wma, flac, mp4, ape, mpc, mac, radio streaming and podcasts.][http://sourceforge.net/projects/atunes][/branches/aTunes_3_0_X/aTunes/src/main/java/net/sourceforge/atunes/utils/DateSerializer.java] = 1
projectsWith[aTunes][aTunes is a powerful, full-featured, cross-platform player and manager, with audio cd rip frontend. Currently supported formats are mp3, ogg, wav, wma, flac, mp4, ape, mpc, mac, radio streaming and podcasts.][http://sourceforge.net/projects/atunes][/branches/aTunes_3_0_X/aTunes/src/main/java/net/sourceforge/atunes/utils/FileSerializer.java] = 1
projectsWith[aTunes][aTunes is a powerful, full-featured, cross-platform player and manager, with audio cd rip frontend. Currently supported formats are mp3, ogg, wav, wma, flac, mp4, ape, mpc, mac, radio streaming and podcasts.][http://sourceforge.net/projects/atunes][/branches/aTunes_3_0_X/aTunes/src/main/java/net/sourceforge/atunes/utils/KryoFactory.java] = 1
projectsWith[aTunes][aTunes is a powerful, full-featured, cross-platform player and manager, with audio cd rip frontend. Currently supported formats are mp3, ogg, wav, wma, flac, mp4, ape, mpc, mac, radio streaming and podcasts.][http://sourceforge.net/projects/atunes][/branches/aTunes_3_0_X/aTunes/src/main/java/net/sourceforge/atunes/utils/KryoSerializerService.java] = 1
projectsWith[aTunes][aTunes is a powerful, full-featured, cross-platform player and manager, with audio cd rip frontend. Currently supported formats are mp3, ogg, wav, wma, flac, mp4, ape, mpc, mac, radio streaming and podcasts.][http://sourceforge.net/projects/atunes][/trunk/aTunes/src/main/java/net/sourceforge/atunes/utils/DateSerializer.java] = 1
projectsWith[aTunes][aTunes is a powerful, full-featured, cross-platform player and manager, with audio cd rip frontend. Currently supported formats are mp3, ogg, wav, wma, flac, mp4, ape, mpc, mac, radio streaming and podcasts.][http://sourceforge.net/projects/atunes][/trunk/aTunes/src/main/java/net/sourceforge/atunes/utils/FileSerializer.java] = 1
projectsWith[aTunes][aTunes is a powerful, full-featured, cross-platform player and manager, with audio cd rip frontend. Currently supported formats are mp3, ogg, wav, wma, flac, mp4, ape, mpc, mac, radio streaming and podcasts.][http://sourceforge.net/projects/atunes][/trunk/aTunes/src/main/java/net/sourceforge/atunes/utils/KryoFactory.java] = 1
projectsWith[aTunes][aTunes is a powerful, full-featured, cross-platform player and manager, with audio cd rip frontend. Currently supported formats are mp3, ogg, wav, wma, flac, mp4, ape, mpc, mac, radio streaming and podcasts.][http://sourceforge.net/projects/atunes][/trunk/aTunes/src/main/java/net/sourceforge/atunes/utils/KryoSerializerService.java] = 1
projectsWith[ccxii's svn test][][http://sourceforge.net/projects/ccxiissvntest][/HVD/src/com/legendzero/www/hackerstcg/MatchFinderPanel.java] = 1
projectsWith[ccxii's svn test][][http://sourceforge.net/projects/ccxiissvntest][/HVD/src/com/legendzero/www/hackerstcg/TablePanel.java] = 1
projectsWith[ccxii's svn test][][http://sourceforge.net/projects/ccxiissvntest][/HVD/src/com/legendzero/www/hackerstcg/utils/GameNetworking.java] = 1
projectsWith[ccxii's svn test][][http://sourceforge.net/projects/ccxiissvntest][/HVD/src/com/legendzero/www/hackerstcg/utils/messages/FinderNetwork.java] = 1
projectsWith[ccxii's svn test][][http://sourceforge.net/projects/ccxiissvntest][/HVD/src/com/legendzero/www/hackerstcg/utils/messages/LZConnection.java] = 1
projectsWith[remotedesktop][This is a Remote Desktop application based on Java. It uses Kryonet API(http://code.google.com/p/kryonet/) to maintain the preliminary connection between the server and client. For now only peer to peer connection is possible. It works only in LAN. We had thought to extend it to internet version but it might take some time. If you have any queries regarding to this application feel free to post. ][http://sourceforge.net/projects/deskcontrol][/Remote_Desktop/src/Client/ChatClient.java] = 1
projectsWith[remotedesktop][This is a Remote Desktop application based on Java. It uses Kryonet API(http://code.google.com/p/kryonet/) to maintain the preliminary connection between the server and client. For now only peer to peer connection is possible. It works only in LAN. We had thought to extend it to internet version but it might take some time. If you have any queries regarding to this application feel free to post. ][http://sourceforge.net/projects/deskcontrol][/Remote_Desktop/src/Client/KryoClient.java] = 1
projectsWith[remotedesktop][This is a Remote Desktop application based on Java. It uses Kryonet API(http://code.google.com/p/kryonet/) to maintain the preliminary connection between the server and client. For now only peer to peer connection is possible. It works only in LAN. We had thought to extend it to internet version but it might take some time. If you have any queries regarding to this application feel free to post. ][http://sourceforge.net/projects/deskcontrol][/Remote_Desktop/src/Server/ChatServer.java] = 1
projectsWith[remotedesktop][This is a Remote Desktop application based on Java. It uses Kryonet API(http://code.google.com/p/kryonet/) to maintain the preliminary connection between the server and client. For now only peer to peer connection is possible. It works only in LAN. We had thought to extend it to internet version but it might take some time. If you have any queries regarding to this application feel free to post. ][http://sourceforge.net/projects/deskcontrol][/Remote_Desktop/src/Server/KryoServer.java] = 1
projectsWith[remotedesktop][This is a Remote Desktop application based on Java. It uses Kryonet API(http://code.google.com/p/kryonet/) to maintain the preliminary connection between the server and client. For now only peer to peer connection is possible. It works only in LAN. We had thought to extend it to internet version but it might take some time. If you have any queries regarding to this application feel free to post. ][http://sourceforge.net/projects/deskcontrol][/Remote_Desktop/src/Server/KryoServerOld.java] = 1
